2017-06-26 22:21:03,855 [Appraisal] - Inicializando...
2017-06-26 22:21:05,897 [Appraisal] - Base Original: iris_plants
2017-06-26 22:21:05,898 [Appraisal] - Base de Regressão: iris_plants_mcar_pl
2017-06-26 22:21:05,898 [Appraisal] - Coluna de Regressão: petal_length
2017-06-26 22:21:06,099 [RegressionStrategy] - ### ESTRATÉGIA DE REGRESSÃO SIMPLES ###
2017-06-26 22:21:06,100 [RegressionStrategy] - Montando diferentes planos de execução
2017-06-26 22:21:06,133 [RegressionPlan] - ## PLANO DE REGRESSÃO SIMPLES ##
2017-06-26 22:21:06,134 [RegressionPlan] - >> Etapa de Regressão: AvgStage
2017-06-26 22:21:06,196 [RegressionPlan] - (0.01s) 	[avg.disturb=true][avg.type=arithmetic]
2017-06-26 22:21:06,200 [RegressionPlan] - (0.001s) 	[avg.disturb=false][avg.type=arithmetic]
2017-06-26 22:21:06,204 [RegressionStrategy] - Tempo: 0.011s
2017-06-26 22:21:06,206 [RegressionStrategy] - Instância: [avg.disturb=false][avg.type=arithmetic]
2017-06-26 22:21:06,218 [RegressionStrategy] - Resultado: [ID|petal_length]:[ID=2|3.95][ID=3|3.95][ID=6|3.95][ID=10|3.95][ID=15|3.95][ID=17|3.95][ID=18|3.95][ID=21|3.95][ID=22|3.95][ID=24|3.95][ID=26|3.95][ID=27|3.95][ID=28|3.95][ID=31|3.95][ID=32|3.95][ID=34|3.95][ID=35|3.95][ID=36|3.95][ID=37|3.95][ID=45|3.95][ID=48|3.95][ID=54|3.95][ID=56|3.95][ID=60|3.95][ID=62|3.95][ID=66|3.95][ID=70|3.95][ID=80|3.95][ID=81|3.95][ID=87|3.95][ID=95|3.95][ID=96|3.95][ID=103|3.95][ID=106|3.95][ID=115|3.95][ID=121|3.95][ID=123|3.95][ID=126|3.95][ID=128|3.95][ID=135|3.95][ID=139|3.95][ID=140|3.95][ID=143|3.95][ID=146|3.95][ID=149|3.95]
2017-06-26 22:21:06,343 [RegressionPlan] - ## PLANO DE REGRESSÃO SIMPLES ##
2017-06-26 22:21:06,344 [RegressionPlan] - >> Etapa de Regressão: KnnStage
2017-06-26 22:21:06,475 [RegressionPlan] - (0.123s) 	[knn.distance=euclidian][knn.k=1.0]
2017-06-26 22:21:06,503 [RegressionPlan] - (0.027s) 	[knn.distance=euclidian][knn.k=2.0]
2017-06-26 22:21:06,531 [RegressionPlan] - (0.025s) 	[knn.distance=euclidian][knn.k=3.0]
2017-06-26 22:21:06,555 [RegressionPlan] - (0.021s) 	[knn.distance=euclidian][knn.k=4.0]
2017-06-26 22:21:06,583 [RegressionPlan] - (0.025s) 	[knn.distance=euclidian][knn.k=5.0]
2017-06-26 22:21:06,620 [RegressionPlan] - (0.034s) 	[knn.distance=euclidian][knn.k=6.0]
2017-06-26 22:21:06,648 [RegressionPlan] - (0.026s) 	[knn.distance=euclidian][knn.k=7.0]
2017-06-26 22:21:06,692 [RegressionPlan] - (0.04s) 	[knn.distance=euclidian][knn.k=8.0]
2017-06-26 22:21:06,727 [RegressionPlan] - (0.032s) 	[knn.distance=euclidian][knn.k=9.0]
2017-06-26 22:21:06,752 [RegressionPlan] - (0.022s) 	[knn.distance=euclidian][knn.k=10.0]
2017-06-26 22:21:06,785 [RegressionPlan] - (0.031s) 	[knn.distance=euclidian][knn.k=11.0]
2017-06-26 22:21:06,814 [RegressionPlan] - (0.026s) 	[knn.distance=euclidian][knn.k=12.0]
2017-06-26 22:21:06,838 [RegressionPlan] - (0.022s) 	[knn.distance=euclidian][knn.k=13.0]
2017-06-26 22:21:06,865 [RegressionPlan] - (0.024s) 	[knn.distance=euclidian][knn.k=14.0]
2017-06-26 22:21:06,890 [RegressionPlan] - (0.022s) 	[knn.distance=euclidian][knn.k=15.0]
2017-06-26 22:21:06,923 [RegressionPlan] - (0.031s) 	[knn.distance=euclidian][knn.k=16.0]
2017-06-26 22:21:06,948 [RegressionPlan] - (0.022s) 	[knn.distance=euclidian][knn.k=17.0]
2017-06-26 22:21:06,971 [RegressionPlan] - (0.021s) 	[knn.distance=euclidian][knn.k=18.0]
2017-06-26 22:21:06,994 [RegressionPlan] - (0.021s) 	[knn.distance=euclidian][knn.k=19.0]
2017-06-26 22:21:07,016 [RegressionPlan] - (0.02s) 	[knn.distance=euclidian][knn.k=20.0]
2017-06-26 22:21:07,040 [RegressionPlan] - (0.021s) 	[knn.distance=euclidian][knn.k=21.0]
2017-06-26 22:21:07,063 [RegressionPlan] - (0.021s) 	[knn.distance=euclidian][knn.k=22.0]
2017-06-26 22:21:07,086 [RegressionPlan] - (0.021s) 	[knn.distance=euclidian][knn.k=23.0]
2017-06-26 22:21:07,118 [RegressionPlan] - (0.029s) 	[knn.distance=euclidian][knn.k=24.0]
2017-06-26 22:21:07,149 [RegressionPlan] - (0.029s) 	[knn.distance=euclidian][knn.k=25.0]
2017-06-26 22:21:07,168 [RegressionPlan] - (0.017s) 	[knn.distance=euclidian][knn.k=26.0]
2017-06-26 22:21:07,192 [RegressionPlan] - (0.021s) 	[knn.distance=euclidian][knn.k=27.0]
2017-06-26 22:21:07,211 [RegressionPlan] - (0.017s) 	[knn.distance=euclidian][knn.k=28.0]
2017-06-26 22:21:07,230 [RegressionPlan] - (0.017s) 	[knn.distance=euclidian][knn.k=29.0]
2017-06-26 22:21:07,253 [RegressionPlan] - (0.021s) 	[knn.distance=euclidian][knn.k=30.0]
2017-06-26 22:21:07,276 [RegressionPlan] - (0.021s) 	[knn.distance=euclidian][knn.k=31.0]
2017-06-26 22:21:07,309 [RegressionPlan] - (0.03s) 	[knn.distance=euclidian][knn.k=32.0]
2017-06-26 22:21:07,334 [RegressionPlan] - (0.023s) 	[knn.distance=euclidian][knn.k=33.0]
2017-06-26 22:21:07,358 [RegressionPlan] - (0.02s) 	[knn.distance=euclidian][knn.k=34.0]
2017-06-26 22:21:07,378 [RegressionPlan] - (0.018s) 	[knn.distance=euclidian][knn.k=35.0]
2017-06-26 22:21:07,412 [RegressionPlan] - (0.032s) 	[knn.distance=euclidian][knn.k=36.0]
2017-06-26 22:21:07,437 [RegressionPlan] - (0.023s) 	[knn.distance=euclidian][knn.k=37.0]
2017-06-26 22:21:07,470 [RegressionPlan] - (0.03s) 	[knn.distance=euclidian][knn.k=38.0]
2017-06-26 22:21:07,500 [RegressionPlan] - (0.026s) 	[knn.distance=euclidian][knn.k=39.0]
2017-06-26 22:21:07,536 [RegressionPlan] - (0.034s) 	[knn.distance=euclidian][knn.k=40.0]
2017-06-26 22:21:07,577 [RegressionPlan] - (0.038s) 	[knn.distance=euclidian][knn.k=41.0]
2017-06-26 22:21:07,606 [RegressionPlan] - (0.027s) 	[knn.distance=euclidian][knn.k=42.0]
2017-06-26 22:21:07,634 [RegressionPlan] - (0.024s) 	[knn.distance=euclidian][knn.k=43.0]
2017-06-26 22:21:07,660 [RegressionPlan] - (0.023s) 	[knn.distance=euclidian][knn.k=44.0]
2017-06-26 22:21:07,694 [RegressionPlan] - (0.031s) 	[knn.distance=euclidian][knn.k=45.0]
2017-06-26 22:21:07,715 [RegressionPlan] - (0.018s) 	[knn.distance=euclidian][knn.k=46.0]
2017-06-26 22:21:07,739 [RegressionPlan] - (0.019s) 	[knn.distance=euclidian][knn.k=47.0]
2017-06-26 22:21:07,770 [RegressionPlan] - (0.029s) 	[knn.distance=euclidian][knn.k=48.0]
2017-06-26 22:21:07,799 [RegressionPlan] - (0.026s) 	[knn.distance=euclidian][knn.k=49.0]
2017-06-26 22:21:07,837 [RegressionPlan] - (0.036s) 	[knn.distance=euclidian][knn.k=50.0]
2017-06-26 22:21:07,865 [RegressionPlan] - (0.026s) 	[knn.distance=euclidian][knn.k=51.0]
2017-06-26 22:21:07,900 [RegressionPlan] - (0.033s) 	[knn.distance=euclidian][knn.k=52.0]
2017-06-26 22:21:07,926 [RegressionPlan] - (0.024s) 	[knn.distance=euclidian][knn.k=53.0]
2017-06-26 22:21:07,959 [RegressionPlan] - (0.03s) 	[knn.distance=euclidian][knn.k=54.0]
2017-06-26 22:21:07,987 [RegressionPlan] - (0.025s) 	[knn.distance=euclidian][knn.k=55.0]
2017-06-26 22:21:08,021 [RegressionPlan] - (0.033s) 	[knn.distance=euclidian][knn.k=56.0]
2017-06-26 22:21:08,050 [RegressionPlan] - (0.026s) 	[knn.distance=euclidian][knn.k=57.0]
2017-06-26 22:21:08,078 [RegressionPlan] - (0.026s) 	[knn.distance=euclidian][knn.k=58.0]
2017-06-26 22:21:08,098 [RegressionPlan] - (0.019s) 	[knn.distance=euclidian][knn.k=59.0]
2017-06-26 22:21:08,119 [RegressionPlan] - (0.02s) 	[knn.distance=euclidian][knn.k=60.0]
2017-06-26 22:21:08,143 [RegressionPlan] - (0.023s) 	[knn.distance=euclidian][knn.k=61.0]
2017-06-26 22:21:08,162 [RegressionPlan] - (0.018s) 	[knn.distance=euclidian][knn.k=62.0]
2017-06-26 22:21:08,186 [RegressionPlan] - (0.023s) 	[knn.distance=euclidian][knn.k=63.0]
2017-06-26 22:21:08,212 [RegressionPlan] - (0.025s) 	[knn.distance=euclidian][knn.k=64.0]
2017-06-26 22:21:08,231 [RegressionPlan] - (0.018s) 	[knn.distance=euclidian][knn.k=65.0]
2017-06-26 22:21:08,250 [RegressionPlan] - (0.018s) 	[knn.distance=euclidian][knn.k=66.0]
2017-06-26 22:21:08,270 [RegressionPlan] - (0.019s) 	[knn.distance=euclidian][knn.k=67.0]
2017-06-26 22:21:08,292 [RegressionPlan] - (0.02s) 	[knn.distance=euclidian][knn.k=68.0]
2017-06-26 22:21:08,312 [RegressionPlan] - (0.019s) 	[knn.distance=euclidian][knn.k=69.0]
2017-06-26 22:21:08,332 [RegressionPlan] - (0.019s) 	[knn.distance=euclidian][knn.k=70.0]
2017-06-26 22:21:08,356 [RegressionPlan] - (0.023s) 	[knn.distance=euclidian][knn.k=71.0]
2017-06-26 22:21:08,375 [RegressionPlan] - (0.017s) 	[knn.distance=euclidian][knn.k=72.0]
2017-06-26 22:21:08,393 [RegressionPlan] - (0.017s) 	[knn.distance=euclidian][knn.k=73.0]
2017-06-26 22:21:08,414 [RegressionPlan] - (0.019s) 	[knn.distance=euclidian][knn.k=74.0]
2017-06-26 22:21:08,437 [RegressionPlan] - (0.022s) 	[knn.distance=euclidian][knn.k=75.0]
2017-06-26 22:21:08,459 [RegressionPlan] - (0.02s) 	[knn.distance=euclidian][knn.k=76.0]
2017-06-26 22:21:08,477 [RegressionPlan] - (0.018s) 	[knn.distance=euclidian][knn.k=77.0]
2017-06-26 22:21:08,496 [RegressionPlan] - (0.018s) 	[knn.distance=euclidian][knn.k=78.0]
2017-06-26 22:21:08,515 [RegressionPlan] - (0.018s) 	[knn.distance=euclidian][knn.k=79.0]
2017-06-26 22:21:08,535 [RegressionPlan] - (0.019s) 	[knn.distance=euclidian][knn.k=80.0]
2017-06-26 22:21:08,556 [RegressionPlan] - (0.02s) 	[knn.distance=euclidian][knn.k=81.0]
2017-06-26 22:21:08,576 [RegressionPlan] - (0.019s) 	[knn.distance=euclidian][knn.k=82.0]
2017-06-26 22:21:08,595 [RegressionPlan] - (0.018s) 	[knn.distance=euclidian][knn.k=83.0]
2017-06-26 22:21:08,619 [RegressionPlan] - (0.022s) 	[knn.distance=euclidian][knn.k=84.0]
2017-06-26 22:21:08,644 [RegressionPlan] - (0.024s) 	[knn.distance=euclidian][knn.k=85.0]
2017-06-26 22:21:08,663 [RegressionPlan] - (0.018s) 	[knn.distance=euclidian][knn.k=86.0]
2017-06-26 22:21:08,686 [RegressionPlan] - (0.022s) 	[knn.distance=euclidian][knn.k=87.0]
2017-06-26 22:21:08,707 [RegressionPlan] - (0.02s) 	[knn.distance=euclidian][knn.k=88.0]
2017-06-26 22:21:08,727 [RegressionPlan] - (0.018s) 	[knn.distance=euclidian][knn.k=89.0]
2017-06-26 22:21:08,747 [RegressionPlan] - (0.019s) 	[knn.distance=euclidian][knn.k=90.0]
2017-06-26 22:21:08,773 [RegressionPlan] - (0.025s) 	[knn.distance=euclidian][knn.k=91.0]
2017-06-26 22:21:08,799 [RegressionPlan] - (0.025s) 	[knn.distance=euclidian][knn.k=92.0]
2017-06-26 22:21:08,822 [RegressionPlan] - (0.021s) 	[knn.distance=euclidian][knn.k=93.0]
2017-06-26 22:21:08,842 [RegressionPlan] - (0.018s) 	[knn.distance=euclidian][knn.k=94.0]
2017-06-26 22:21:08,862 [RegressionPlan] - (0.019s) 	[knn.distance=euclidian][knn.k=95.0]
2017-06-26 22:21:08,882 [RegressionPlan] - (0.019s) 	[knn.distance=euclidian][knn.k=96.0]
2017-06-26 22:21:08,905 [RegressionPlan] - (0.022s) 	[knn.distance=euclidian][knn.k=97.0]
2017-06-26 22:21:08,924 [RegressionPlan] - (0.018s) 	[knn.distance=euclidian][knn.k=98.0]
2017-06-26 22:21:08,957 [RegressionPlan] - (0.032s) 	[knn.distance=euclidian][knn.k=99.0]
2017-06-26 22:21:08,979 [RegressionPlan] - (0.02s) 	[knn.distance=euclidian][knn.k=100.0]
2017-06-26 22:21:08,998 [RegressionPlan] - (0.018s) 	[knn.distance=euclidian][knn.k=101.0]
2017-06-26 22:21:09,018 [RegressionPlan] - (0.018s) 	[knn.distance=euclidian][knn.k=102.0]
2017-06-26 22:21:09,041 [RegressionPlan] - (0.022s) 	[knn.distance=euclidian][knn.k=103.0]
2017-06-26 22:21:09,060 [RegressionPlan] - (0.018s) 	[knn.distance=euclidian][knn.k=104.0]
2017-06-26 22:21:09,092 [RegressionPlan] - (0.031s) 	[knn.distance=euclidian][knn.k=105.0]
2017-06-26 22:21:09,126 [RegressionPlan] - (0.033s) 	[knn.distance=manhattan][knn.k=1.0]
2017-06-26 22:21:09,151 [RegressionPlan] - (0.024s) 	[knn.distance=manhattan][knn.k=2.0]
2017-06-26 22:21:09,181 [RegressionPlan] - (0.029s) 	[knn.distance=manhattan][knn.k=3.0]
2017-06-26 22:21:09,217 [RegressionPlan] - (0.035s) 	[knn.distance=manhattan][knn.k=4.0]
2017-06-26 22:21:09,251 [RegressionPlan] - (0.033s) 	[knn.distance=manhattan][knn.k=5.0]
2017-06-26 22:21:09,287 [RegressionPlan] - (0.034s) 	[knn.distance=manhattan][knn.k=6.0]
2017-06-26 22:21:09,313 [RegressionPlan] - (0.024s) 	[knn.distance=manhattan][knn.k=7.0]
2017-06-26 22:21:09,342 [RegressionPlan] - (0.028s) 	[knn.distance=manhattan][knn.k=8.0]
2017-06-26 22:21:09,365 [RegressionPlan] - (0.021s) 	[knn.distance=manhattan][knn.k=9.0]
2017-06-26 22:21:09,389 [RegressionPlan] - (0.023s) 	[knn.distance=manhattan][knn.k=10.0]
2017-06-26 22:21:09,411 [RegressionPlan] - (0.022s) 	[knn.distance=manhattan][knn.k=11.0]
2017-06-26 22:21:09,450 [RegressionPlan] - (0.038s) 	[knn.distance=manhattan][knn.k=12.0]
2017-06-26 22:21:09,483 [RegressionPlan] - (0.032s) 	[knn.distance=manhattan][knn.k=13.0]
2017-06-26 22:21:09,513 [RegressionPlan] - (0.028s) 	[knn.distance=manhattan][knn.k=14.0]
2017-06-26 22:21:09,532 [RegressionPlan] - (0.018s) 	[knn.distance=manhattan][knn.k=15.0]
2017-06-26 22:21:09,550 [RegressionPlan] - (0.017s) 	[knn.distance=manhattan][knn.k=16.0]
2017-06-26 22:21:09,567 [RegressionPlan] - (0.017s) 	[knn.distance=manhattan][knn.k=17.0]
2017-06-26 22:21:09,585 [RegressionPlan] - (0.017s) 	[knn.distance=manhattan][knn.k=18.0]
2017-06-26 22:21:09,603 [RegressionPlan] - (0.017s) 	[knn.distance=manhattan][knn.k=19.0]
2017-06-26 22:21:09,622 [RegressionPlan] - (0.018s) 	[knn.distance=manhattan][knn.k=20.0]
2017-06-26 22:21:09,643 [RegressionPlan] - (0.02s) 	[knn.distance=manhattan][knn.k=21.0]
2017-06-26 22:21:09,668 [RegressionPlan] - (0.024s) 	[knn.distance=manhattan][knn.k=22.0]
2017-06-26 22:21:09,687 [RegressionPlan] - (0.018s) 	[knn.distance=manhattan][knn.k=23.0]
2017-06-26 22:21:09,705 [RegressionPlan] - (0.017s) 	[knn.distance=manhattan][knn.k=24.0]
2017-06-26 22:21:09,723 [RegressionPlan] - (0.017s) 	[knn.distance=manhattan][knn.k=25.0]
2017-06-26 22:21:09,741 [RegressionPlan] - (0.017s) 	[knn.distance=manhattan][knn.k=26.0]
2017-06-26 22:21:09,762 [RegressionPlan] - (0.02s) 	[knn.distance=manhattan][knn.k=27.0]
2017-06-26 22:21:09,790 [RegressionPlan] - (0.026s) 	[knn.distance=manhattan][knn.k=28.0]
2017-06-26 22:21:09,811 [RegressionPlan] - (0.02s) 	[knn.distance=manhattan][knn.k=29.0]
2017-06-26 22:21:09,832 [RegressionPlan] - (0.02s) 	[knn.distance=manhattan][knn.k=30.0]
2017-06-26 22:21:09,859 [RegressionPlan] - (0.026s) 	[knn.distance=manhattan][knn.k=31.0]
2017-06-26 22:21:09,877 [RegressionPlan] - (0.017s) 	[knn.distance=manhattan][knn.k=32.0]
2017-06-26 22:21:09,896 [RegressionPlan] - (0.018s) 	[knn.distance=manhattan][knn.k=33.0]
2017-06-26 22:21:09,914 [RegressionPlan] - (0.018s) 	[knn.distance=manhattan][knn.k=34.0]
2017-06-26 22:21:09,938 [RegressionPlan] - (0.023s) 	[knn.distance=manhattan][knn.k=35.0]
2017-06-26 22:21:09,958 [RegressionPlan] - (0.019s) 	[knn.distance=manhattan][knn.k=36.0]
2017-06-26 22:21:09,976 [RegressionPlan] - (0.017s) 	[knn.distance=manhattan][knn.k=37.0]
2017-06-26 22:21:09,996 [RegressionPlan] - (0.019s) 	[knn.distance=manhattan][knn.k=38.0]
2017-06-26 22:21:10,015 [RegressionPlan] - (0.018s) 	[knn.distance=manhattan][knn.k=39.0]
2017-06-26 22:21:10,034 [RegressionPlan] - (0.017s) 	[knn.distance=manhattan][knn.k=40.0]
2017-06-26 22:21:10,052 [RegressionPlan] - (0.018s) 	[knn.distance=manhattan][knn.k=41.0]
2017-06-26 22:21:10,070 [RegressionPlan] - (0.018s) 	[knn.distance=manhattan][knn.k=42.0]
2017-06-26 22:21:10,088 [RegressionPlan] - (0.017s) 	[knn.distance=manhattan][knn.k=43.0]
2017-06-26 22:21:10,108 [RegressionPlan] - (0.018s) 	[knn.distance=manhattan][knn.k=44.0]
2017-06-26 22:21:10,134 [RegressionPlan] - (0.026s) 	[knn.distance=manhattan][knn.k=45.0]
2017-06-26 22:21:10,154 [RegressionPlan] - (0.019s) 	[knn.distance=manhattan][knn.k=46.0]
2017-06-26 22:21:10,172 [RegressionPlan] - (0.017s) 	[knn.distance=manhattan][knn.k=47.0]
2017-06-26 22:21:10,196 [RegressionPlan] - (0.023s) 	[knn.distance=manhattan][knn.k=48.0]
2017-06-26 22:21:10,215 [RegressionPlan] - (0.018s) 	[knn.distance=manhattan][knn.k=49.0]
2017-06-26 22:21:10,397 [RegressionPlan] - (0.017s) 	[knn.distance=manhattan][knn.k=50.0]
2017-06-26 22:21:10,416 [RegressionPlan] - (0.018s) 	[knn.distance=manhattan][knn.k=51.0]
2017-06-26 22:21:10,435 [RegressionPlan] - (0.018s) 	[knn.distance=manhattan][knn.k=52.0]
2017-06-26 22:21:10,465 [RegressionPlan] - (0.029s) 	[knn.distance=manhattan][knn.k=53.0]
2017-06-26 22:21:10,484 [RegressionPlan] - (0.018s) 	[knn.distance=manhattan][knn.k=54.0]
2017-06-26 22:21:10,503 [RegressionPlan] - (0.018s) 	[knn.distance=manhattan][knn.k=55.0]
2017-06-26 22:21:10,524 [RegressionPlan] - (0.02s) 	[knn.distance=manhattan][knn.k=56.0]
2017-06-26 22:21:10,546 [RegressionPlan] - (0.021s) 	[knn.distance=manhattan][knn.k=57.0]
2017-06-26 22:21:10,565 [RegressionPlan] - (0.018s) 	[knn.distance=manhattan][knn.k=58.0]
2017-06-26 22:21:10,584 [RegressionPlan] - (0.018s) 	[knn.distance=manhattan][knn.k=59.0]
2017-06-26 22:21:10,611 [RegressionPlan] - (0.027s) 	[knn.distance=manhattan][knn.k=60.0]
2017-06-26 22:21:10,640 [RegressionPlan] - (0.028s) 	[knn.distance=manhattan][knn.k=61.0]
2017-06-26 22:21:10,661 [RegressionPlan] - (0.019s) 	[knn.distance=manhattan][knn.k=62.0]
2017-06-26 22:21:10,684 [RegressionPlan] - (0.023s) 	[knn.distance=manhattan][knn.k=63.0]
2017-06-26 22:21:10,703 [RegressionPlan] - (0.018s) 	[knn.distance=manhattan][knn.k=64.0]
2017-06-26 22:21:10,722 [RegressionPlan] - (0.018s) 	[knn.distance=manhattan][knn.k=65.0]
2017-06-26 22:21:10,746 [RegressionPlan] - (0.024s) 	[knn.distance=manhattan][knn.k=66.0]
2017-06-26 22:21:10,780 [RegressionPlan] - (0.029s) 	[knn.distance=manhattan][knn.k=67.0]
2017-06-26 22:21:10,805 [RegressionPlan] - (0.024s) 	[knn.distance=manhattan][knn.k=68.0]
2017-06-26 22:21:10,836 [RegressionPlan] - (0.03s) 	[knn.distance=manhattan][knn.k=69.0]
2017-06-26 22:21:10,871 [RegressionPlan] - (0.033s) 	[knn.distance=manhattan][knn.k=70.0]
2017-06-26 22:21:10,904 [RegressionPlan] - (0.032s) 	[knn.distance=manhattan][knn.k=71.0]
2017-06-26 22:21:10,926 [RegressionPlan] - (0.022s) 	[knn.distance=manhattan][knn.k=72.0]
2017-06-26 22:21:10,952 [RegressionPlan] - (0.025s) 	[knn.distance=manhattan][knn.k=73.0]
2017-06-26 22:21:10,988 [RegressionPlan] - (0.035s) 	[knn.distance=manhattan][knn.k=74.0]
2017-06-26 22:21:11,016 [RegressionPlan] - (0.027s) 	[knn.distance=manhattan][knn.k=75.0]
2017-06-26 22:21:11,041 [RegressionPlan] - (0.024s) 	[knn.distance=manhattan][knn.k=76.0]
2017-06-26 22:21:11,063 [RegressionPlan] - (0.021s) 	[knn.distance=manhattan][knn.k=77.0]
2017-06-26 22:21:11,083 [RegressionPlan] - (0.019s) 	[knn.distance=manhattan][knn.k=78.0]
2017-06-26 22:21:11,106 [RegressionPlan] - (0.022s) 	[knn.distance=manhattan][knn.k=79.0]
2017-06-26 22:21:11,126 [RegressionPlan] - (0.019s) 	[knn.distance=manhattan][knn.k=80.0]
2017-06-26 22:21:11,146 [RegressionPlan] - (0.019s) 	[knn.distance=manhattan][knn.k=81.0]
2017-06-26 22:21:11,172 [RegressionPlan] - (0.026s) 	[knn.distance=manhattan][knn.k=82.0]
2017-06-26 22:21:11,195 [RegressionPlan] - (0.022s) 	[knn.distance=manhattan][knn.k=83.0]
2017-06-26 22:21:11,219 [RegressionPlan] - (0.023s) 	[knn.distance=manhattan][knn.k=84.0]
2017-06-26 22:21:11,238 [RegressionPlan] - (0.018s) 	[knn.distance=manhattan][knn.k=85.0]
2017-06-26 22:21:11,262 [RegressionPlan] - (0.023s) 	[knn.distance=manhattan][knn.k=86.0]
2017-06-26 22:21:11,287 [RegressionPlan] - (0.024s) 	[knn.distance=manhattan][knn.k=87.0]
2017-06-26 22:21:11,308 [RegressionPlan] - (0.02s) 	[knn.distance=manhattan][knn.k=88.0]
2017-06-26 22:21:11,328 [RegressionPlan] - (0.019s) 	[knn.distance=manhattan][knn.k=89.0]
2017-06-26 22:21:11,346 [RegressionPlan] - (0.018s) 	[knn.distance=manhattan][knn.k=90.0]
2017-06-26 22:21:11,367 [RegressionPlan] - (0.02s) 	[knn.distance=manhattan][knn.k=91.0]
2017-06-26 22:21:11,389 [RegressionPlan] - (0.021s) 	[knn.distance=manhattan][knn.k=92.0]
2017-06-26 22:21:11,409 [RegressionPlan] - (0.02s) 	[knn.distance=manhattan][knn.k=93.0]
2017-06-26 22:21:11,430 [RegressionPlan] - (0.02s) 	[knn.distance=manhattan][knn.k=94.0]
2017-06-26 22:21:11,460 [RegressionPlan] - (0.029s) 	[knn.distance=manhattan][knn.k=95.0]
2017-06-26 22:21:11,481 [RegressionPlan] - (0.02s) 	[knn.distance=manhattan][knn.k=96.0]
2017-06-26 22:21:11,502 [RegressionPlan] - (0.02s) 	[knn.distance=manhattan][knn.k=97.0]
2017-06-26 22:21:11,525 [RegressionPlan] - (0.022s) 	[knn.distance=manhattan][knn.k=98.0]
2017-06-26 22:21:11,551 [RegressionPlan] - (0.025s) 	[knn.distance=manhattan][knn.k=99.0]
2017-06-26 22:21:11,573 [RegressionPlan] - (0.021s) 	[knn.distance=manhattan][knn.k=100.0]
2017-06-26 22:21:11,600 [RegressionPlan] - (0.026s) 	[knn.distance=manhattan][knn.k=101.0]
2017-06-26 22:21:11,694 [RegressionPlan] - (0.024s) 	[knn.distance=manhattan][knn.k=102.0]
2017-06-26 22:21:11,715 [RegressionPlan] - (0.021s) 	[knn.distance=manhattan][knn.k=103.0]
2017-06-26 22:21:11,737 [RegressionPlan] - (0.022s) 	[knn.distance=manhattan][knn.k=104.0]
2017-06-26 22:21:11,761 [RegressionPlan] - (0.022s) 	[knn.distance=manhattan][knn.k=105.0]
2017-06-26 22:21:11,762 [RegressionStrategy] - Tempo: 4.869999999999991s
2017-06-26 22:21:11,762 [RegressionStrategy] - Instância: [knn.distance=manhattan][knn.k=13.0]
2017-06-26 22:21:11,765 [RegressionStrategy] - Resultado: [ID|petal_length]:[ID=2|1.49][ID=3|1.45][ID=6|1.49][ID=10|1.49][ID=15|1.48][ID=17|1.49][ID=18|1.51][ID=21|1.52][ID=22|1.48][ID=24|1.51][ID=26|1.45][ID=27|1.50][ID=28|1.50][ID=31|1.48][ID=32|1.52][ID=34|1.48][ID=35|1.49][ID=36|1.48][ID=37|1.48][ID=45|1.49][ID=48|1.44][ID=54|3.98][ID=56|4.18][ID=60|4.07][ID=62|4.59][ID=66|4.75][ID=70|3.88][ID=80|3.98][ID=81|3.81][ID=87|4.87][ID=95|4.16][ID=96|4.26][ID=103|5.62][ID=106|5.96][ID=115|5.28][ID=121|5.56][ID=123|5.91][ID=126|5.47][ID=128|4.98][ID=135|4.55][ID=139|4.98][ID=140|5.41][ID=143|4.89][ID=146|5.50][ID=149|5.41]
2017-06-26 22:21:11,897 [RegressionPlan] - ## PLANO DE REGRESSÃO SIMPLES ##
2017-06-26 22:21:11,899 [RegressionPlan] - >> Etapa de Regressão: BkPropStage
2017-06-26 22:21:56,425 [RegressionPlan] - (44.525s) 	[bkprop.momentum=0.7][bkprop.cycles=3000][bkprop.learningRate=0.5]
2017-06-26 22:21:56,426 [RegressionStrategy] - Tempo: 44.525s
2017-06-26 22:21:56,426 [RegressionStrategy] - Instância: [bkprop.momentum=0.7][bkprop.cycles=3000][bkprop.learningRate=0.5]
2017-06-26 22:21:56,432 [RegressionStrategy] - Resultado: [ID|result]:[ID=2|1.61][ID=3|1.41][ID=6|1.85][ID=10|1.43][ID=15|1.75][ID=17|1.85][ID=18|1.67][ID=21|1.76][ID=22|1.74][ID=24|2.08][ID=26|1.67][ID=27|1.80][ID=28|1.59][ID=31|1.50][ID=32|2.09][ID=34|1.48][ID=35|1.43][ID=36|1.59][ID=37|1.78][ID=45|1.69][ID=48|1.35][ID=54|4.18][ID=56|4.16][ID=60|3.97][ID=62|4.52][ID=66|4.88][ID=70|3.89][ID=80|3.77][ID=81|3.85][ID=87|5.00][ID=95|4.12][ID=96|3.93][ID=103|5.75][ID=106|5.94][ID=115|5.42][ID=121|5.78][ID=123|5.94][ID=126|5.54][ID=128|5.01][ID=135|4.64][ID=139|4.95][ID=140|5.66][ID=143|5.00][ID=146|5.73][ID=149|5.45]
2017-06-26 22:21:56,559 [SelectionStrategy] - ### ESTRATÉGIA DE SELEÇÃO E REGRESSÂO ###
2017-06-26 22:21:56,561 [SelectionStrategy] - Montando diferentes planos de execução
2017-06-26 22:21:56,575 [SelectionPlan] - ## PLANO DE SELEÇÃO E REGRESSÃO ##
2017-06-26 22:21:56,575 [SelectionPlan] - >> Etapa de Seleção: PcaStage
2017-06-26 22:21:56,576 [SelectionPlan] - >> Etapa de Regressão: KnnStage
2017-06-26 22:21:56,626 [SelectionPlan] - (0.047s) 	[pca.columns=1.0];[knn.distance=euclidian][knn.k=1.0]
2017-06-26 22:21:56,644 [SelectionPlan] - (0.017s) 	[pca.columns=1.0];[knn.distance=euclidian][knn.k=2.0]
2017-06-26 22:21:56,668 [SelectionPlan] - (0.023s) 	[pca.columns=1.0];[knn.distance=euclidian][knn.k=3.0]
2017-06-26 22:21:56,696 [SelectionPlan] - (0.027s) 	[pca.columns=1.0];[knn.distance=euclidian][knn.k=4.0]
2017-06-26 22:21:56,714 [SelectionPlan] - (0.018s) 	[pca.columns=1.0];[knn.distance=euclidian][knn.k=5.0]
2017-06-26 22:21:56,732 [SelectionPlan] - (0.018s) 	[pca.columns=1.0];[knn.distance=euclidian][knn.k=6.0]
2017-06-26 22:21:56,751 [SelectionPlan] - (0.018s) 	[pca.columns=1.0];[knn.distance=euclidian][knn.k=7.0]
2017-06-26 22:21:56,769 [SelectionPlan] - (0.017s) 	[pca.columns=1.0];[knn.distance=euclidian][knn.k=8.0]
2017-06-26 22:21:56,791 [SelectionPlan] - (0.021s) 	[pca.columns=1.0];[knn.distance=euclidian][knn.k=9.0]
2017-06-26 22:21:56,812 [SelectionPlan] - (0.02s) 	[pca.columns=1.0];[knn.distance=euclidian][knn.k=10.0]
2017-06-26 22:21:56,838 [SelectionPlan] - (0.025s) 	[pca.columns=1.0];[knn.distance=euclidian][knn.k=11.0]
2017-06-26 22:21:56,860 [SelectionPlan] - (0.021s) 	[pca.columns=1.0];[knn.distance=euclidian][knn.k=12.0]
2017-06-26 22:21:56,879 [SelectionPlan] - (0.018s) 	[pca.columns=1.0];[knn.distance=euclidian][knn.k=13.0]
2017-06-26 22:21:56,898 [SelectionPlan] - (0.019s) 	[pca.columns=1.0];[knn.distance=euclidian][knn.k=14.0]
2017-06-26 22:21:56,916 [SelectionPlan] - (0.017s) 	[pca.columns=1.0];[knn.distance=euclidian][knn.k=15.0]
2017-06-26 22:21:56,934 [SelectionPlan] - (0.017s) 	[pca.columns=1.0];[knn.distance=euclidian][knn.k=16.0]
2017-06-26 22:21:56,952 [SelectionPlan] - (0.017s) 	[pca.columns=1.0];[knn.distance=euclidian][knn.k=17.0]
2017-06-26 22:21:56,971 [SelectionPlan] - (0.018s) 	[pca.columns=1.0];[knn.distance=euclidian][knn.k=18.0]
2017-06-26 22:21:56,990 [SelectionPlan] - (0.018s) 	[pca.columns=1.0];[knn.distance=euclidian][knn.k=19.0]
2017-06-26 22:21:57,011 [SelectionPlan] - (0.021s) 	[pca.columns=1.0];[knn.distance=euclidian][knn.k=20.0]
2017-06-26 22:21:57,029 [SelectionPlan] - (0.017s) 	[pca.columns=1.0];[knn.distance=euclidian][knn.k=21.0]
2017-06-26 22:21:57,048 [SelectionPlan] - (0.018s) 	[pca.columns=1.0];[knn.distance=euclidian][knn.k=22.0]
2017-06-26 22:21:57,066 [SelectionPlan] - (0.017s) 	[pca.columns=1.0];[knn.distance=euclidian][knn.k=23.0]
2017-06-26 22:21:57,084 [SelectionPlan] - (0.017s) 	[pca.columns=1.0];[knn.distance=euclidian][knn.k=24.0]
2017-06-26 22:21:57,102 [SelectionPlan] - (0.017s) 	[pca.columns=1.0];[knn.distance=euclidian][knn.k=25.0]
2017-06-26 22:21:57,120 [SelectionPlan] - (0.017s) 	[pca.columns=1.0];[knn.distance=euclidian][knn.k=26.0]
2017-06-26 22:21:57,138 [SelectionPlan] - (0.017s) 	[pca.columns=1.0];[knn.distance=euclidian][knn.k=27.0]
2017-06-26 22:21:57,156 [SelectionPlan] - (0.017s) 	[pca.columns=1.0];[knn.distance=euclidian][knn.k=28.0]
2017-06-26 22:21:57,173 [SelectionPlan] - (0.017s) 	[pca.columns=1.0];[knn.distance=euclidian][knn.k=29.0]
2017-06-26 22:21:57,194 [SelectionPlan] - (0.02s) 	[pca.columns=1.0];[knn.distance=euclidian][knn.k=30.0]
2017-06-26 22:21:57,212 [SelectionPlan] - (0.017s) 	[pca.columns=1.0];[knn.distance=euclidian][knn.k=31.0]
2017-06-26 22:21:57,237 [SelectionPlan] - (0.023s) 	[pca.columns=1.0];[knn.distance=euclidian][knn.k=32.0]
2017-06-26 22:21:57,255 [SelectionPlan] - (0.017s) 	[pca.columns=1.0];[knn.distance=euclidian][knn.k=33.0]
2017-06-26 22:21:57,274 [SelectionPlan] - (0.018s) 	[pca.columns=1.0];[knn.distance=euclidian][knn.k=34.0]
2017-06-26 22:21:57,293 [SelectionPlan] - (0.019s) 	[pca.columns=1.0];[knn.distance=euclidian][knn.k=35.0]
2017-06-26 22:21:57,311 [SelectionPlan] - (0.018s) 	[pca.columns=1.0];[knn.distance=euclidian][knn.k=36.0]
2017-06-26 22:21:57,329 [SelectionPlan] - (0.017s) 	[pca.columns=1.0];[knn.distance=euclidian][knn.k=37.0]
2017-06-26 22:21:57,348 [SelectionPlan] - (0.018s) 	[pca.columns=1.0];[knn.distance=euclidian][knn.k=38.0]
2017-06-26 22:21:57,368 [SelectionPlan] - (0.02s) 	[pca.columns=1.0];[knn.distance=euclidian][knn.k=39.0]
2017-06-26 22:21:57,388 [SelectionPlan] - (0.019s) 	[pca.columns=1.0];[knn.distance=euclidian][knn.k=40.0]
2017-06-26 22:21:57,406 [SelectionPlan] - (0.018s) 	[pca.columns=1.0];[knn.distance=euclidian][knn.k=41.0]
2017-06-26 22:21:57,425 [SelectionPlan] - (0.019s) 	[pca.columns=1.0];[knn.distance=euclidian][knn.k=42.0]
2017-06-26 22:21:57,444 [SelectionPlan] - (0.019s) 	[pca.columns=1.0];[knn.distance=euclidian][knn.k=43.0]
2017-06-26 22:21:57,463 [SelectionPlan] - (0.018s) 	[pca.columns=1.0];[knn.distance=euclidian][knn.k=44.0]
2017-06-26 22:21:57,482 [SelectionPlan] - (0.019s) 	[pca.columns=1.0];[knn.distance=euclidian][knn.k=45.0]
2017-06-26 22:21:57,500 [SelectionPlan] - (0.018s) 	[pca.columns=1.0];[knn.distance=euclidian][knn.k=46.0]
2017-06-26 22:21:57,519 [SelectionPlan] - (0.018s) 	[pca.columns=1.0];[knn.distance=euclidian][knn.k=47.0]
2017-06-26 22:21:57,537 [SelectionPlan] - (0.018s) 	[pca.columns=1.0];[knn.distance=euclidian][knn.k=48.0]
2017-06-26 22:21:57,560 [SelectionPlan] - (0.022s) 	[pca.columns=1.0];[knn.distance=euclidian][knn.k=49.0]
2017-06-26 22:21:57,579 [SelectionPlan] - (0.018s) 	[pca.columns=1.0];[knn.distance=euclidian][knn.k=50.0]
2017-06-26 22:21:57,598 [SelectionPlan] - (0.018s) 	[pca.columns=1.0];[knn.distance=euclidian][knn.k=51.0]
2017-06-26 22:21:57,616 [SelectionPlan] - (0.018s) 	[pca.columns=1.0];[knn.distance=euclidian][knn.k=52.0]
2017-06-26 22:21:57,634 [SelectionPlan] - (0.018s) 	[pca.columns=1.0];[knn.distance=euclidian][knn.k=53.0]
2017-06-26 22:21:57,653 [SelectionPlan] - (0.018s) 	[pca.columns=1.0];[knn.distance=euclidian][knn.k=54.0]
2017-06-26 22:21:57,671 [SelectionPlan] - (0.017s) 	[pca.columns=1.0];[knn.distance=euclidian][knn.k=55.0]
2017-06-26 22:21:57,690 [SelectionPlan] - (0.018s) 	[pca.columns=1.0];[knn.distance=euclidian][knn.k=56.0]
2017-06-26 22:21:57,710 [SelectionPlan] - (0.02s) 	[pca.columns=1.0];[knn.distance=euclidian][knn.k=57.0]
2017-06-26 22:21:57,729 [SelectionPlan] - (0.018s) 	[pca.columns=1.0];[knn.distance=euclidian][knn.k=58.0]
2017-06-26 22:21:57,749 [SelectionPlan] - (0.02s) 	[pca.columns=1.0];[knn.distance=euclidian][knn.k=59.0]
2017-06-26 22:21:57,772 [SelectionPlan] - (0.023s) 	[pca.columns=1.0];[knn.distance=euclidian][knn.k=60.0]
2017-06-26 22:21:57,793 [SelectionPlan] - (0.021s) 	[pca.columns=1.0];[knn.distance=euclidian][knn.k=61.0]
2017-06-26 22:21:57,813 [SelectionPlan] - (0.019s) 	[pca.columns=1.0];[knn.distance=euclidian][knn.k=62.0]
2017-06-26 22:21:57,833 [SelectionPlan] - (0.02s) 	[pca.columns=1.0];[knn.distance=euclidian][knn.k=63.0]
2017-06-26 22:21:57,858 [SelectionPlan] - (0.024s) 	[pca.columns=1.0];[knn.distance=euclidian][knn.k=64.0]
2017-06-26 22:21:57,877 [SelectionPlan] - (0.018s) 	[pca.columns=1.0];[knn.distance=euclidian][knn.k=65.0]
2017-06-26 22:21:57,900 [SelectionPlan] - (0.022s) 	[pca.columns=1.0];[knn.distance=euclidian][knn.k=66.0]
2017-06-26 22:21:57,921 [SelectionPlan] - (0.02s) 	[pca.columns=1.0];[knn.distance=euclidian][knn.k=67.0]
2017-06-26 22:21:57,940 [SelectionPlan] - (0.018s) 	[pca.columns=1.0];[knn.distance=euclidian][knn.k=68.0]
2017-06-26 22:21:57,962 [SelectionPlan] - (0.021s) 	[pca.columns=1.0];[knn.distance=euclidian][knn.k=69.0]
2017-06-26 22:21:57,981 [SelectionPlan] - (0.019s) 	[pca.columns=1.0];[knn.distance=euclidian][knn.k=70.0]
2017-06-26 22:21:58,003 [SelectionPlan] - (0.022s) 	[pca.columns=1.0];[knn.distance=euclidian][knn.k=71.0]
2017-06-26 22:21:58,028 [SelectionPlan] - (0.024s) 	[pca.columns=1.0];[knn.distance=euclidian][knn.k=72.0]
2017-06-26 22:21:58,049 [SelectionPlan] - (0.02s) 	[pca.columns=1.0];[knn.distance=euclidian][knn.k=73.0]
2017-06-26 22:21:58,068 [SelectionPlan] - (0.019s) 	[pca.columns=1.0];[knn.distance=euclidian][knn.k=74.0]
2017-06-26 22:21:58,089 [SelectionPlan] - (0.018s) 	[pca.columns=1.0];[knn.distance=euclidian][knn.k=75.0]
2017-06-26 22:21:58,108 [SelectionPlan] - (0.018s) 	[pca.columns=1.0];[knn.distance=euclidian][knn.k=76.0]
2017-06-26 22:21:58,127 [SelectionPlan] - (0.018s) 	[pca.columns=1.0];[knn.distance=euclidian][knn.k=77.0]
2017-06-26 22:21:58,146 [SelectionPlan] - (0.019s) 	[pca.columns=1.0];[knn.distance=euclidian][knn.k=78.0]
2017-06-26 22:21:58,166 [SelectionPlan] - (0.019s) 	[pca.columns=1.0];[knn.distance=euclidian][knn.k=79.0]
2017-06-26 22:21:58,186 [SelectionPlan] - (0.02s) 	[pca.columns=1.0];[knn.distance=euclidian][knn.k=80.0]
2017-06-26 22:21:58,205 [SelectionPlan] - (0.018s) 	[pca.columns=1.0];[knn.distance=euclidian][knn.k=81.0]
2017-06-26 22:21:58,227 [SelectionPlan] - (0.022s) 	[pca.columns=1.0];[knn.distance=euclidian][knn.k=82.0]
2017-06-26 22:21:58,250 [SelectionPlan] - (0.022s) 	[pca.columns=1.0];[knn.distance=euclidian][knn.k=83.0]
2017-06-26 22:21:58,269 [SelectionPlan] - (0.018s) 	[pca.columns=1.0];[knn.distance=euclidian][knn.k=84.0]
2017-06-26 22:21:58,291 [SelectionPlan] - (0.021s) 	[pca.columns=1.0];[knn.distance=euclidian][knn.k=85.0]
2017-06-26 22:21:58,314 [SelectionPlan] - (0.022s) 	[pca.columns=1.0];[knn.distance=euclidian][knn.k=86.0]
2017-06-26 22:21:58,333 [SelectionPlan] - (0.019s) 	[pca.columns=1.0];[knn.distance=euclidian][knn.k=87.0]
2017-06-26 22:21:58,352 [SelectionPlan] - (0.018s) 	[pca.columns=1.0];[knn.distance=euclidian][knn.k=88.0]
2017-06-26 22:21:58,371 [SelectionPlan] - (0.018s) 	[pca.columns=1.0];[knn.distance=euclidian][knn.k=89.0]
2017-06-26 22:21:58,390 [SelectionPlan] - (0.018s) 	[pca.columns=1.0];[knn.distance=euclidian][knn.k=90.0]
2017-06-26 22:21:58,409 [SelectionPlan] - (0.018s) 	[pca.columns=1.0];[knn.distance=euclidian][knn.k=91.0]
2017-06-26 22:21:58,430 [SelectionPlan] - (0.02s) 	[pca.columns=1.0];[knn.distance=euclidian][knn.k=92.0]
2017-06-26 22:21:58,449 [SelectionPlan] - (0.018s) 	[pca.columns=1.0];[knn.distance=euclidian][knn.k=93.0]
2017-06-26 22:21:58,468 [SelectionPlan] - (0.018s) 	[pca.columns=1.0];[knn.distance=euclidian][knn.k=94.0]
2017-06-26 22:21:58,487 [SelectionPlan] - (0.018s) 	[pca.columns=1.0];[knn.distance=euclidian][knn.k=95.0]
2017-06-26 22:21:58,506 [SelectionPlan] - (0.018s) 	[pca.columns=1.0];[knn.distance=euclidian][knn.k=96.0]
2017-06-26 22:21:58,525 [SelectionPlan] - (0.019s) 	[pca.columns=1.0];[knn.distance=euclidian][knn.k=97.0]
2017-06-26 22:21:58,544 [SelectionPlan] - (0.019s) 	[pca.columns=1.0];[knn.distance=euclidian][knn.k=98.0]
2017-06-26 22:21:58,569 [SelectionPlan] - (0.023s) 	[pca.columns=1.0];[knn.distance=euclidian][knn.k=99.0]
2017-06-26 22:21:58,588 [SelectionPlan] - (0.019s) 	[pca.columns=1.0];[knn.distance=euclidian][knn.k=100.0]
2017-06-26 22:21:58,607 [SelectionPlan] - (0.018s) 	[pca.columns=1.0];[knn.distance=euclidian][knn.k=101.0]
2017-06-26 22:21:58,629 [SelectionPlan] - (0.021s) 	[pca.columns=1.0];[knn.distance=euclidian][knn.k=102.0]
2017-06-26 22:21:58,648 [SelectionPlan] - (0.019s) 	[pca.columns=1.0];[knn.distance=euclidian][knn.k=103.0]
2017-06-26 22:21:58,667 [SelectionPlan] - (0.018s) 	[pca.columns=1.0];[knn.distance=euclidian][knn.k=104.0]
2017-06-26 22:21:58,687 [SelectionPlan] - (0.019s) 	[pca.columns=1.0];[knn.distance=euclidian][knn.k=105.0]
2017-06-26 22:21:58,705 [SelectionPlan] - (0.018s) 	[pca.columns=1.0];[knn.distance=manhattan][knn.k=1.0]
2017-06-26 22:21:58,724 [SelectionPlan] - (0.018s) 	[pca.columns=1.0];[knn.distance=manhattan][knn.k=2.0]
2017-06-26 22:21:58,750 [SelectionPlan] - (0.025s) 	[pca.columns=1.0];[knn.distance=manhattan][knn.k=3.0]
2017-06-26 22:21:58,770 [SelectionPlan] - (0.02s) 	[pca.columns=1.0];[knn.distance=manhattan][knn.k=4.0]
2017-06-26 22:21:58,790 [SelectionPlan] - (0.019s) 	[pca.columns=1.0];[knn.distance=manhattan][knn.k=5.0]
2017-06-26 22:21:58,811 [SelectionPlan] - (0.02s) 	[pca.columns=1.0];[knn.distance=manhattan][knn.k=6.0]
2017-06-26 22:21:58,836 [SelectionPlan] - (0.024s) 	[pca.columns=1.0];[knn.distance=manhattan][knn.k=7.0]
2017-06-26 22:21:58,855 [SelectionPlan] - (0.018s) 	[pca.columns=1.0];[knn.distance=manhattan][knn.k=8.0]
2017-06-26 22:21:58,873 [SelectionPlan] - (0.018s) 	[pca.columns=1.0];[knn.distance=manhattan][knn.k=9.0]
2017-06-26 22:21:58,893 [SelectionPlan] - (0.019s) 	[pca.columns=1.0];[knn.distance=manhattan][knn.k=10.0]
2017-06-26 22:21:58,912 [SelectionPlan] - (0.019s) 	[pca.columns=1.0];[knn.distance=manhattan][knn.k=11.0]
2017-06-26 22:21:58,930 [SelectionPlan] - (0.018s) 	[pca.columns=1.0];[knn.distance=manhattan][knn.k=12.0]
2017-06-26 22:21:58,949 [SelectionPlan] - (0.018s) 	[pca.columns=1.0];[knn.distance=manhattan][knn.k=13.0]
2017-06-26 22:21:58,968 [SelectionPlan] - (0.018s) 	[pca.columns=1.0];[knn.distance=manhattan][knn.k=14.0]
2017-06-26 22:21:58,987 [SelectionPlan] - (0.019s) 	[pca.columns=1.0];[knn.distance=manhattan][knn.k=15.0]
2017-06-26 22:21:59,014 [SelectionPlan] - (0.026s) 	[pca.columns=1.0];[knn.distance=manhattan][knn.k=16.0]
2017-06-26 22:21:59,033 [SelectionPlan] - (0.018s) 	[pca.columns=1.0];[knn.distance=manhattan][knn.k=17.0]
2017-06-26 22:21:59,056 [SelectionPlan] - (0.023s) 	[pca.columns=1.0];[knn.distance=manhattan][knn.k=18.0]
2017-06-26 22:21:59,082 [SelectionPlan] - (0.025s) 	[pca.columns=1.0];[knn.distance=manhattan][knn.k=19.0]
2017-06-26 22:21:59,104 [SelectionPlan] - (0.022s) 	[pca.columns=1.0];[knn.distance=manhattan][knn.k=20.0]
2017-06-26 22:21:59,137 [SelectionPlan] - (0.032s) 	[pca.columns=1.0];[knn.distance=manhattan][knn.k=21.0]
2017-06-26 22:21:59,160 [SelectionPlan] - (0.022s) 	[pca.columns=1.0];[knn.distance=manhattan][knn.k=22.0]
2017-06-26 22:21:59,191 [SelectionPlan] - (0.03s) 	[pca.columns=1.0];[knn.distance=manhattan][knn.k=23.0]
2017-06-26 22:21:59,210 [SelectionPlan] - (0.019s) 	[pca.columns=1.0];[knn.distance=manhattan][knn.k=24.0]
2017-06-26 22:21:59,241 [SelectionPlan] - (0.03s) 	[pca.columns=1.0];[knn.distance=manhattan][knn.k=25.0]
2017-06-26 22:21:59,263 [SelectionPlan] - (0.021s) 	[pca.columns=1.0];[knn.distance=manhattan][knn.k=26.0]
2017-06-26 22:21:59,283 [SelectionPlan] - (0.019s) 	[pca.columns=1.0];[knn.distance=manhattan][knn.k=27.0]
2017-06-26 22:21:59,305 [SelectionPlan] - (0.022s) 	[pca.columns=1.0];[knn.distance=manhattan][knn.k=28.0]
2017-06-26 22:21:59,365 [SelectionPlan] - (0.023s) 	[pca.columns=1.0];[knn.distance=manhattan][knn.k=29.0]
2017-06-26 22:21:59,387 [SelectionPlan] - (0.021s) 	[pca.columns=1.0];[knn.distance=manhattan][knn.k=30.0]
2017-06-26 22:21:59,412 [SelectionPlan] - (0.024s) 	[pca.columns=1.0];[knn.distance=manhattan][knn.k=31.0]
2017-06-26 22:21:59,441 [SelectionPlan] - (0.028s) 	[pca.columns=1.0];[knn.distance=manhattan][knn.k=32.0]
2017-06-26 22:21:59,471 [SelectionPlan] - (0.029s) 	[pca.columns=1.0];[knn.distance=manhattan][knn.k=33.0]
2017-06-26 22:21:59,504 [SelectionPlan] - (0.032s) 	[pca.columns=1.0];[knn.distance=manhattan][knn.k=34.0]
2017-06-26 22:21:59,538 [SelectionPlan] - (0.034s) 	[pca.columns=1.0];[knn.distance=manhattan][knn.k=35.0]
2017-06-26 22:21:59,571 [SelectionPlan] - (0.032s) 	[pca.columns=1.0];[knn.distance=manhattan][knn.k=36.0]
2017-06-26 22:21:59,601 [SelectionPlan] - (0.029s) 	[pca.columns=1.0];[knn.distance=manhattan][knn.k=37.0]
2017-06-26 22:21:59,627 [SelectionPlan] - (0.025s) 	[pca.columns=1.0];[knn.distance=manhattan][knn.k=38.0]
2017-06-26 22:21:59,650 [SelectionPlan] - (0.022s) 	[pca.columns=1.0];[knn.distance=manhattan][knn.k=39.0]
2017-06-26 22:21:59,676 [SelectionPlan] - (0.024s) 	[pca.columns=1.0];[knn.distance=manhattan][knn.k=40.0]
2017-06-26 22:21:59,709 [SelectionPlan] - (0.033s) 	[pca.columns=1.0];[knn.distance=manhattan][knn.k=41.0]
2017-06-26 22:21:59,746 [SelectionPlan] - (0.036s) 	[pca.columns=1.0];[knn.distance=manhattan][knn.k=42.0]
2017-06-26 22:21:59,782 [SelectionPlan] - (0.035s) 	[pca.columns=1.0];[knn.distance=manhattan][knn.k=43.0]
2017-06-26 22:21:59,814 [SelectionPlan] - (0.031s) 	[pca.columns=1.0];[knn.distance=manhattan][knn.k=44.0]
2017-06-26 22:21:59,851 [SelectionPlan] - (0.036s) 	[pca.columns=1.0];[knn.distance=manhattan][knn.k=45.0]
2017-06-26 22:21:59,881 [SelectionPlan] - (0.03s) 	[pca.columns=1.0];[knn.distance=manhattan][knn.k=46.0]
2017-06-26 22:21:59,907 [SelectionPlan] - (0.025s) 	[pca.columns=1.0];[knn.distance=manhattan][knn.k=47.0]
2017-06-26 22:21:59,930 [SelectionPlan] - (0.023s) 	[pca.columns=1.0];[knn.distance=manhattan][knn.k=48.0]
2017-06-26 22:21:59,952 [SelectionPlan] - (0.021s) 	[pca.columns=1.0];[knn.distance=manhattan][knn.k=49.0]
2017-06-26 22:21:59,972 [SelectionPlan] - (0.02s) 	[pca.columns=1.0];[knn.distance=manhattan][knn.k=50.0]
2017-06-26 22:21:59,996 [SelectionPlan] - (0.023s) 	[pca.columns=1.0];[knn.distance=manhattan][knn.k=51.0]
2017-06-26 22:22:00,022 [SelectionPlan] - (0.025s) 	[pca.columns=1.0];[knn.distance=manhattan][knn.k=52.0]
2017-06-26 22:22:00,042 [SelectionPlan] - (0.02s) 	[pca.columns=1.0];[knn.distance=manhattan][knn.k=53.0]
2017-06-26 22:22:00,062 [SelectionPlan] - (0.019s) 	[pca.columns=1.0];[knn.distance=manhattan][knn.k=54.0]
2017-06-26 22:22:00,083 [SelectionPlan] - (0.02s) 	[pca.columns=1.0];[knn.distance=manhattan][knn.k=55.0]
2017-06-26 22:22:00,112 [SelectionPlan] - (0.029s) 	[pca.columns=1.0];[knn.distance=manhattan][knn.k=56.0]
2017-06-26 22:22:00,134 [SelectionPlan] - (0.021s) 	[pca.columns=1.0];[knn.distance=manhattan][knn.k=57.0]
2017-06-26 22:22:00,160 [SelectionPlan] - (0.025s) 	[pca.columns=1.0];[knn.distance=manhattan][knn.k=58.0]
2017-06-26 22:22:00,181 [SelectionPlan] - (0.02s) 	[pca.columns=1.0];[knn.distance=manhattan][knn.k=59.0]
2017-06-26 22:22:00,204 [SelectionPlan] - (0.022s) 	[pca.columns=1.0];[knn.distance=manhattan][knn.k=60.0]
2017-06-26 22:22:00,241 [SelectionPlan] - (0.037s) 	[pca.columns=1.0];[knn.distance=manhattan][knn.k=61.0]
2017-06-26 22:22:00,263 [SelectionPlan] - (0.022s) 	[pca.columns=1.0];[knn.distance=manhattan][knn.k=62.0]
2017-06-26 22:22:00,290 [SelectionPlan] - (0.027s) 	[pca.columns=1.0];[knn.distance=manhattan][knn.k=63.0]
2017-06-26 22:22:00,310 [SelectionPlan] - (0.019s) 	[pca.columns=1.0];[knn.distance=manhattan][knn.k=64.0]
2017-06-26 22:22:00,330 [SelectionPlan] - (0.019s) 	[pca.columns=1.0];[knn.distance=manhattan][knn.k=65.0]
2017-06-26 22:22:00,349 [SelectionPlan] - (0.019s) 	[pca.columns=1.0];[knn.distance=manhattan][knn.k=66.0]
2017-06-26 22:22:00,368 [SelectionPlan] - (0.018s) 	[pca.columns=1.0];[knn.distance=manhattan][knn.k=67.0]
2017-06-26 22:22:00,390 [SelectionPlan] - (0.021s) 	[pca.columns=1.0];[knn.distance=manhattan][knn.k=68.0]
2017-06-26 22:22:00,409 [SelectionPlan] - (0.019s) 	[pca.columns=1.0];[knn.distance=manhattan][knn.k=69.0]
2017-06-26 22:22:00,429 [SelectionPlan] - (0.019s) 	[pca.columns=1.0];[knn.distance=manhattan][knn.k=70.0]
2017-06-26 22:22:00,448 [SelectionPlan] - (0.019s) 	[pca.columns=1.0];[knn.distance=manhattan][knn.k=71.0]
2017-06-26 22:22:00,467 [SelectionPlan] - (0.018s) 	[pca.columns=1.0];[knn.distance=manhattan][knn.k=72.0]
2017-06-26 22:22:00,486 [SelectionPlan] - (0.018s) 	[pca.columns=1.0];[knn.distance=manhattan][knn.k=73.0]
2017-06-26 22:22:00,506 [SelectionPlan] - (0.019s) 	[pca.columns=1.0];[knn.distance=manhattan][knn.k=74.0]
2017-06-26 22:22:00,529 [SelectionPlan] - (0.022s) 	[pca.columns=1.0];[knn.distance=manhattan][knn.k=75.0]
2017-06-26 22:22:00,557 [SelectionPlan] - (0.028s) 	[pca.columns=1.0];[knn.distance=manhattan][knn.k=76.0]
2017-06-26 22:22:00,578 [SelectionPlan] - (0.02s) 	[pca.columns=1.0];[knn.distance=manhattan][knn.k=77.0]
2017-06-26 22:22:00,599 [SelectionPlan] - (0.02s) 	[pca.columns=1.0];[knn.distance=manhattan][knn.k=78.0]
2017-06-26 22:22:00,623 [SelectionPlan] - (0.023s) 	[pca.columns=1.0];[knn.distance=manhattan][knn.k=79.0]
2017-06-26 22:22:00,650 [SelectionPlan] - (0.026s) 	[pca.columns=1.0];[knn.distance=manhattan][knn.k=80.0]
2017-06-26 22:22:00,720 [SelectionPlan] - (0.023s) 	[pca.columns=1.0];[knn.distance=manhattan][knn.k=81.0]
2017-06-26 22:22:00,744 [SelectionPlan] - (0.024s) 	[pca.columns=1.0];[knn.distance=manhattan][knn.k=82.0]
2017-06-26 22:22:00,773 [SelectionPlan] - (0.028s) 	[pca.columns=1.0];[knn.distance=manhattan][knn.k=83.0]
2017-06-26 22:22:00,803 [SelectionPlan] - (0.029s) 	[pca.columns=1.0];[knn.distance=manhattan][knn.k=84.0]
2017-06-26 22:22:00,836 [SelectionPlan] - (0.032s) 	[pca.columns=1.0];[knn.distance=manhattan][knn.k=85.0]
2017-06-26 22:22:00,861 [SelectionPlan] - (0.025s) 	[pca.columns=1.0];[knn.distance=manhattan][knn.k=86.0]
2017-06-26 22:22:00,886 [SelectionPlan] - (0.025s) 	[pca.columns=1.0];[knn.distance=manhattan][knn.k=87.0]
2017-06-26 22:22:00,908 [SelectionPlan] - (0.022s) 	[pca.columns=1.0];[knn.distance=manhattan][knn.k=88.0]
2017-06-26 22:22:00,928 [SelectionPlan] - (0.019s) 	[pca.columns=1.0];[knn.distance=manhattan][knn.k=89.0]
2017-06-26 22:22:00,949 [SelectionPlan] - (0.02s) 	[pca.columns=1.0];[knn.distance=manhattan][knn.k=90.0]
2017-06-26 22:22:00,968 [SelectionPlan] - (0.019s) 	[pca.columns=1.0];[knn.distance=manhattan][knn.k=91.0]
2017-06-26 22:22:00,991 [SelectionPlan] - (0.022s) 	[pca.columns=1.0];[knn.distance=manhattan][knn.k=92.0]
2017-06-26 22:22:01,011 [SelectionPlan] - (0.019s) 	[pca.columns=1.0];[knn.distance=manhattan][knn.k=93.0]
2017-06-26 22:22:01,031 [SelectionPlan] - (0.02s) 	[pca.columns=1.0];[knn.distance=manhattan][knn.k=94.0]
2017-06-26 22:22:01,052 [SelectionPlan] - (0.02s) 	[pca.columns=1.0];[knn.distance=manhattan][knn.k=95.0]
2017-06-26 22:22:01,072 [SelectionPlan] - (0.02s) 	[pca.columns=1.0];[knn.distance=manhattan][knn.k=96.0]
2017-06-26 22:22:01,092 [SelectionPlan] - (0.02s) 	[pca.columns=1.0];[knn.distance=manhattan][knn.k=97.0]
2017-06-26 22:22:01,113 [SelectionPlan] - (0.02s) 	[pca.columns=1.0];[knn.distance=manhattan][knn.k=98.0]
2017-06-26 22:22:01,135 [SelectionPlan] - (0.021s) 	[pca.columns=1.0];[knn.distance=manhattan][knn.k=99.0]
2017-06-26 22:22:01,158 [SelectionPlan] - (0.022s) 	[pca.columns=1.0];[knn.distance=manhattan][knn.k=100.0]
2017-06-26 22:22:01,179 [SelectionPlan] - (0.02s) 	[pca.columns=1.0];[knn.distance=manhattan][knn.k=101.0]
2017-06-26 22:22:01,201 [SelectionPlan] - (0.022s) 	[pca.columns=1.0];[knn.distance=manhattan][knn.k=102.0]
2017-06-26 22:22:01,223 [SelectionPlan] - (0.021s) 	[pca.columns=1.0];[knn.distance=manhattan][knn.k=103.0]
2017-06-26 22:22:01,244 [SelectionPlan] - (0.02s) 	[pca.columns=1.0];[knn.distance=manhattan][knn.k=104.0]
2017-06-26 22:22:01,270 [SelectionPlan] - (0.024s) 	[pca.columns=1.0];[knn.distance=manhattan][knn.k=105.0]
2017-06-26 22:22:01,289 [SelectionPlan] - (0.019s) 	[pca.columns=2.0];[knn.distance=euclidian][knn.k=1.0]
2017-06-26 22:22:01,312 [SelectionPlan] - (0.022s) 	[pca.columns=2.0];[knn.distance=euclidian][knn.k=2.0]
2017-06-26 22:22:01,331 [SelectionPlan] - (0.018s) 	[pca.columns=2.0];[knn.distance=euclidian][knn.k=3.0]
2017-06-26 22:22:01,350 [SelectionPlan] - (0.018s) 	[pca.columns=2.0];[knn.distance=euclidian][knn.k=4.0]
2017-06-26 22:22:01,368 [SelectionPlan] - (0.018s) 	[pca.columns=2.0];[knn.distance=euclidian][knn.k=5.0]
2017-06-26 22:22:01,386 [SelectionPlan] - (0.017s) 	[pca.columns=2.0];[knn.distance=euclidian][knn.k=6.0]
2017-06-26 22:22:01,405 [SelectionPlan] - (0.018s) 	[pca.columns=2.0];[knn.distance=euclidian][knn.k=7.0]
2017-06-26 22:22:01,424 [SelectionPlan] - (0.018s) 	[pca.columns=2.0];[knn.distance=euclidian][knn.k=8.0]
2017-06-26 22:22:01,452 [SelectionPlan] - (0.028s) 	[pca.columns=2.0];[knn.distance=euclidian][knn.k=9.0]
2017-06-26 22:22:01,472 [SelectionPlan] - (0.019s) 	[pca.columns=2.0];[knn.distance=euclidian][knn.k=10.0]
2017-06-26 22:22:01,491 [SelectionPlan] - (0.017s) 	[pca.columns=2.0];[knn.distance=euclidian][knn.k=11.0]
2017-06-26 22:22:01,511 [SelectionPlan] - (0.02s) 	[pca.columns=2.0];[knn.distance=euclidian][knn.k=12.0]
2017-06-26 22:22:01,530 [SelectionPlan] - (0.018s) 	[pca.columns=2.0];[knn.distance=euclidian][knn.k=13.0]
2017-06-26 22:22:01,552 [SelectionPlan] - (0.02s) 	[pca.columns=2.0];[knn.distance=euclidian][knn.k=14.0]
2017-06-26 22:22:01,584 [SelectionPlan] - (0.031s) 	[pca.columns=2.0];[knn.distance=euclidian][knn.k=15.0]
2017-06-26 22:22:01,603 [SelectionPlan] - (0.018s) 	[pca.columns=2.0];[knn.distance=euclidian][knn.k=16.0]
2017-06-26 22:22:01,630 [SelectionPlan] - (0.026s) 	[pca.columns=2.0];[knn.distance=euclidian][knn.k=17.0]
2017-06-26 22:22:01,652 [SelectionPlan] - (0.021s) 	[pca.columns=2.0];[knn.distance=euclidian][knn.k=18.0]
2017-06-26 22:22:01,672 [SelectionPlan] - (0.019s) 	[pca.columns=2.0];[knn.distance=euclidian][knn.k=19.0]
2017-06-26 22:22:01,697 [SelectionPlan] - (0.025s) 	[pca.columns=2.0];[knn.distance=euclidian][knn.k=20.0]
2017-06-26 22:22:01,719 [SelectionPlan] - (0.021s) 	[pca.columns=2.0];[knn.distance=euclidian][knn.k=21.0]
2017-06-26 22:22:01,747 [SelectionPlan] - (0.027s) 	[pca.columns=2.0];[knn.distance=euclidian][knn.k=22.0]
2017-06-26 22:22:01,771 [SelectionPlan] - (0.023s) 	[pca.columns=2.0];[knn.distance=euclidian][knn.k=23.0]
2017-06-26 22:22:01,792 [SelectionPlan] - (0.02s) 	[pca.columns=2.0];[knn.distance=euclidian][knn.k=24.0]
2017-06-26 22:22:01,813 [SelectionPlan] - (0.02s) 	[pca.columns=2.0];[knn.distance=euclidian][knn.k=25.0]
2017-06-26 22:22:01,836 [SelectionPlan] - (0.023s) 	[pca.columns=2.0];[knn.distance=euclidian][knn.k=26.0]
2017-06-26 22:22:01,858 [SelectionPlan] - (0.021s) 	[pca.columns=2.0];[knn.distance=euclidian][knn.k=27.0]
2017-06-26 22:22:01,885 [SelectionPlan] - (0.026s) 	[pca.columns=2.0];[knn.distance=euclidian][knn.k=28.0]
2017-06-26 22:22:01,914 [SelectionPlan] - (0.028s) 	[pca.columns=2.0];[knn.distance=euclidian][knn.k=29.0]
2017-06-26 22:22:01,936 [SelectionPlan] - (0.021s) 	[pca.columns=2.0];[knn.distance=euclidian][knn.k=30.0]
2017-06-26 22:22:01,957 [SelectionPlan] - (0.02s) 	[pca.columns=2.0];[knn.distance=euclidian][knn.k=31.0]
2017-06-26 22:22:01,975 [SelectionPlan] - (0.018s) 	[pca.columns=2.0];[knn.distance=euclidian][knn.k=32.0]
2017-06-26 22:22:01,993 [SelectionPlan] - (0.017s) 	[pca.columns=2.0];[knn.distance=euclidian][knn.k=33.0]
2017-06-26 22:22:02,011 [SelectionPlan] - (0.017s) 	[pca.columns=2.0];[knn.distance=euclidian][knn.k=34.0]
2017-06-26 22:22:02,031 [SelectionPlan] - (0.019s) 	[pca.columns=2.0];[knn.distance=euclidian][knn.k=35.0]
2017-06-26 22:22:02,192 [SelectionPlan] - (0.017s) 	[pca.columns=2.0];[knn.distance=euclidian][knn.k=36.0]
2017-06-26 22:22:02,212 [SelectionPlan] - (0.018s) 	[pca.columns=2.0];[knn.distance=euclidian][knn.k=37.0]
2017-06-26 22:22:02,232 [SelectionPlan] - (0.019s) 	[pca.columns=2.0];[knn.distance=euclidian][knn.k=38.0]
2017-06-26 22:22:02,251 [SelectionPlan] - (0.019s) 	[pca.columns=2.0];[knn.distance=euclidian][knn.k=39.0]
2017-06-26 22:22:02,277 [SelectionPlan] - (0.024s) 	[pca.columns=2.0];[knn.distance=euclidian][knn.k=40.0]
2017-06-26 22:22:02,295 [SelectionPlan] - (0.018s) 	[pca.columns=2.0];[knn.distance=euclidian][knn.k=41.0]
2017-06-26 22:22:02,313 [SelectionPlan] - (0.017s) 	[pca.columns=2.0];[knn.distance=euclidian][knn.k=42.0]
2017-06-26 22:22:02,332 [SelectionPlan] - (0.018s) 	[pca.columns=2.0];[knn.distance=euclidian][knn.k=43.0]
2017-06-26 22:22:02,350 [SelectionPlan] - (0.018s) 	[pca.columns=2.0];[knn.distance=euclidian][knn.k=44.0]
2017-06-26 22:22:02,368 [SelectionPlan] - (0.018s) 	[pca.columns=2.0];[knn.distance=euclidian][knn.k=45.0]
2017-06-26 22:22:02,386 [SelectionPlan] - (0.017s) 	[pca.columns=2.0];[knn.distance=euclidian][knn.k=46.0]
2017-06-26 22:22:02,404 [SelectionPlan] - (0.017s) 	[pca.columns=2.0];[knn.distance=euclidian][knn.k=47.0]
2017-06-26 22:22:02,423 [SelectionPlan] - (0.018s) 	[pca.columns=2.0];[knn.distance=euclidian][knn.k=48.0]
2017-06-26 22:22:02,443 [SelectionPlan] - (0.019s) 	[pca.columns=2.0];[knn.distance=euclidian][knn.k=49.0]
2017-06-26 22:22:02,461 [SelectionPlan] - (0.018s) 	[pca.columns=2.0];[knn.distance=euclidian][knn.k=50.0]
2017-06-26 22:22:02,479 [SelectionPlan] - (0.017s) 	[pca.columns=2.0];[knn.distance=euclidian][knn.k=51.0]
2017-06-26 22:22:02,498 [SelectionPlan] - (0.018s) 	[pca.columns=2.0];[knn.distance=euclidian][knn.k=52.0]
2017-06-26 22:22:02,517 [SelectionPlan] - (0.019s) 	[pca.columns=2.0];[knn.distance=euclidian][knn.k=53.0]
2017-06-26 22:22:02,545 [SelectionPlan] - (0.027s) 	[pca.columns=2.0];[knn.distance=euclidian][knn.k=54.0]
2017-06-26 22:22:02,574 [SelectionPlan] - (0.028s) 	[pca.columns=2.0];[knn.distance=euclidian][knn.k=55.0]
2017-06-26 22:22:02,595 [SelectionPlan] - (0.019s) 	[pca.columns=2.0];[knn.distance=euclidian][knn.k=56.0]
2017-06-26 22:22:02,614 [SelectionPlan] - (0.019s) 	[pca.columns=2.0];[knn.distance=euclidian][knn.k=57.0]
2017-06-26 22:22:02,639 [SelectionPlan] - (0.024s) 	[pca.columns=2.0];[knn.distance=euclidian][knn.k=58.0]
2017-06-26 22:22:02,664 [SelectionPlan] - (0.024s) 	[pca.columns=2.0];[knn.distance=euclidian][knn.k=59.0]
2017-06-26 22:22:02,683 [SelectionPlan] - (0.018s) 	[pca.columns=2.0];[knn.distance=euclidian][knn.k=60.0]
2017-06-26 22:22:02,702 [SelectionPlan] - (0.017s) 	[pca.columns=2.0];[knn.distance=euclidian][knn.k=61.0]
2017-06-26 22:22:02,720 [SelectionPlan] - (0.018s) 	[pca.columns=2.0];[knn.distance=euclidian][knn.k=62.0]
2017-06-26 22:22:02,763 [SelectionPlan] - (0.042s) 	[pca.columns=2.0];[knn.distance=euclidian][knn.k=63.0]
2017-06-26 22:22:02,787 [SelectionPlan] - (0.024s) 	[pca.columns=2.0];[knn.distance=euclidian][knn.k=64.0]
2017-06-26 22:22:02,807 [SelectionPlan] - (0.02s) 	[pca.columns=2.0];[knn.distance=euclidian][knn.k=65.0]
2017-06-26 22:22:02,829 [SelectionPlan] - (0.021s) 	[pca.columns=2.0];[knn.distance=euclidian][knn.k=66.0]
2017-06-26 22:22:02,852 [SelectionPlan] - (0.022s) 	[pca.columns=2.0];[knn.distance=euclidian][knn.k=67.0]
2017-06-26 22:22:02,878 [SelectionPlan] - (0.026s) 	[pca.columns=2.0];[knn.distance=euclidian][knn.k=68.0]
2017-06-26 22:22:02,902 [SelectionPlan] - (0.023s) 	[pca.columns=2.0];[knn.distance=euclidian][knn.k=69.0]
2017-06-26 22:22:02,921 [SelectionPlan] - (0.019s) 	[pca.columns=2.0];[knn.distance=euclidian][knn.k=70.0]
2017-06-26 22:22:02,940 [SelectionPlan] - (0.019s) 	[pca.columns=2.0];[knn.distance=euclidian][knn.k=71.0]
2017-06-26 22:22:02,959 [SelectionPlan] - (0.018s) 	[pca.columns=2.0];[knn.distance=euclidian][knn.k=72.0]
2017-06-26 22:22:02,978 [SelectionPlan] - (0.018s) 	[pca.columns=2.0];[knn.distance=euclidian][knn.k=73.0]
2017-06-26 22:22:02,997 [SelectionPlan] - (0.018s) 	[pca.columns=2.0];[knn.distance=euclidian][knn.k=74.0]
2017-06-26 22:22:03,019 [SelectionPlan] - (0.021s) 	[pca.columns=2.0];[knn.distance=euclidian][knn.k=75.0]
2017-06-26 22:22:03,038 [SelectionPlan] - (0.018s) 	[pca.columns=2.0];[knn.distance=euclidian][knn.k=76.0]
2017-06-26 22:22:03,056 [SelectionPlan] - (0.018s) 	[pca.columns=2.0];[knn.distance=euclidian][knn.k=77.0]
2017-06-26 22:22:03,075 [SelectionPlan] - (0.018s) 	[pca.columns=2.0];[knn.distance=euclidian][knn.k=78.0]
2017-06-26 22:22:03,094 [SelectionPlan] - (0.019s) 	[pca.columns=2.0];[knn.distance=euclidian][knn.k=79.0]
2017-06-26 22:22:03,112 [SelectionPlan] - (0.018s) 	[pca.columns=2.0];[knn.distance=euclidian][knn.k=80.0]
2017-06-26 22:22:03,131 [SelectionPlan] - (0.018s) 	[pca.columns=2.0];[knn.distance=euclidian][knn.k=81.0]
2017-06-26 22:22:03,150 [SelectionPlan] - (0.018s) 	[pca.columns=2.0];[knn.distance=euclidian][knn.k=82.0]
2017-06-26 22:22:03,173 [SelectionPlan] - (0.023s) 	[pca.columns=2.0];[knn.distance=euclidian][knn.k=83.0]
2017-06-26 22:22:03,191 [SelectionPlan] - (0.018s) 	[pca.columns=2.0];[knn.distance=euclidian][knn.k=84.0]
2017-06-26 22:22:03,210 [SelectionPlan] - (0.017s) 	[pca.columns=2.0];[knn.distance=euclidian][knn.k=85.0]
2017-06-26 22:22:03,229 [SelectionPlan] - (0.019s) 	[pca.columns=2.0];[knn.distance=euclidian][knn.k=86.0]
2017-06-26 22:22:03,248 [SelectionPlan] - (0.018s) 	[pca.columns=2.0];[knn.distance=euclidian][knn.k=87.0]
2017-06-26 22:22:03,268 [SelectionPlan] - (0.02s) 	[pca.columns=2.0];[knn.distance=euclidian][knn.k=88.0]
2017-06-26 22:22:03,293 [SelectionPlan] - (0.025s) 	[pca.columns=2.0];[knn.distance=euclidian][knn.k=89.0]
2017-06-26 22:22:03,312 [SelectionPlan] - (0.019s) 	[pca.columns=2.0];[knn.distance=euclidian][knn.k=90.0]
2017-06-26 22:22:03,331 [SelectionPlan] - (0.018s) 	[pca.columns=2.0];[knn.distance=euclidian][knn.k=91.0]
2017-06-26 22:22:03,353 [SelectionPlan] - (0.021s) 	[pca.columns=2.0];[knn.distance=euclidian][knn.k=92.0]
2017-06-26 22:22:03,372 [SelectionPlan] - (0.018s) 	[pca.columns=2.0];[knn.distance=euclidian][knn.k=93.0]
2017-06-26 22:22:03,391 [SelectionPlan] - (0.018s) 	[pca.columns=2.0];[knn.distance=euclidian][knn.k=94.0]
2017-06-26 22:22:03,471 [SelectionPlan] - (0.018s) 	[pca.columns=2.0];[knn.distance=euclidian][knn.k=95.0]
2017-06-26 22:22:03,491 [SelectionPlan] - (0.019s) 	[pca.columns=2.0];[knn.distance=euclidian][knn.k=96.0]
2017-06-26 22:22:03,511 [SelectionPlan] - (0.019s) 	[pca.columns=2.0];[knn.distance=euclidian][knn.k=97.0]
2017-06-26 22:22:03,530 [SelectionPlan] - (0.018s) 	[pca.columns=2.0];[knn.distance=euclidian][knn.k=98.0]
2017-06-26 22:22:03,557 [SelectionPlan] - (0.026s) 	[pca.columns=2.0];[knn.distance=euclidian][knn.k=99.0]
2017-06-26 22:22:03,579 [SelectionPlan] - (0.02s) 	[pca.columns=2.0];[knn.distance=euclidian][knn.k=100.0]
2017-06-26 22:22:03,599 [SelectionPlan] - (0.02s) 	[pca.columns=2.0];[knn.distance=euclidian][knn.k=101.0]
2017-06-26 22:22:03,621 [SelectionPlan] - (0.021s) 	[pca.columns=2.0];[knn.distance=euclidian][knn.k=102.0]
2017-06-26 22:22:03,642 [SelectionPlan] - (0.019s) 	[pca.columns=2.0];[knn.distance=euclidian][knn.k=103.0]
2017-06-26 22:22:03,661 [SelectionPlan] - (0.019s) 	[pca.columns=2.0];[knn.distance=euclidian][knn.k=104.0]
2017-06-26 22:22:03,681 [SelectionPlan] - (0.02s) 	[pca.columns=2.0];[knn.distance=euclidian][knn.k=105.0]
2017-06-26 22:22:03,708 [SelectionPlan] - (0.026s) 	[pca.columns=2.0];[knn.distance=manhattan][knn.k=1.0]
2017-06-26 22:22:03,727 [SelectionPlan] - (0.019s) 	[pca.columns=2.0];[knn.distance=manhattan][knn.k=2.0]
2017-06-26 22:22:03,757 [SelectionPlan] - (0.03s) 	[pca.columns=2.0];[knn.distance=manhattan][knn.k=3.0]
2017-06-26 22:22:03,782 [SelectionPlan] - (0.025s) 	[pca.columns=2.0];[knn.distance=manhattan][knn.k=4.0]
2017-06-26 22:22:03,802 [SelectionPlan] - (0.019s) 	[pca.columns=2.0];[knn.distance=manhattan][knn.k=5.0]
2017-06-26 22:22:03,839 [SelectionPlan] - (0.036s) 	[pca.columns=2.0];[knn.distance=manhattan][knn.k=6.0]
2017-06-26 22:22:03,864 [SelectionPlan] - (0.024s) 	[pca.columns=2.0];[knn.distance=manhattan][knn.k=7.0]
2017-06-26 22:22:03,891 [SelectionPlan] - (0.026s) 	[pca.columns=2.0];[knn.distance=manhattan][knn.k=8.0]
2017-06-26 22:22:03,910 [SelectionPlan] - (0.019s) 	[pca.columns=2.0];[knn.distance=manhattan][knn.k=9.0]
2017-06-26 22:22:03,929 [SelectionPlan] - (0.018s) 	[pca.columns=2.0];[knn.distance=manhattan][knn.k=10.0]
2017-06-26 22:22:03,950 [SelectionPlan] - (0.021s) 	[pca.columns=2.0];[knn.distance=manhattan][knn.k=11.0]
2017-06-26 22:22:03,973 [SelectionPlan] - (0.022s) 	[pca.columns=2.0];[knn.distance=manhattan][knn.k=12.0]
2017-06-26 22:22:03,995 [SelectionPlan] - (0.021s) 	[pca.columns=2.0];[knn.distance=manhattan][knn.k=13.0]
2017-06-26 22:22:04,014 [SelectionPlan] - (0.018s) 	[pca.columns=2.0];[knn.distance=manhattan][knn.k=14.0]
2017-06-26 22:22:04,037 [SelectionPlan] - (0.022s) 	[pca.columns=2.0];[knn.distance=manhattan][knn.k=15.0]
2017-06-26 22:22:04,057 [SelectionPlan] - (0.02s) 	[pca.columns=2.0];[knn.distance=manhattan][knn.k=16.0]
2017-06-26 22:22:04,076 [SelectionPlan] - (0.018s) 	[pca.columns=2.0];[knn.distance=manhattan][knn.k=17.0]
2017-06-26 22:22:04,096 [SelectionPlan] - (0.02s) 	[pca.columns=2.0];[knn.distance=manhattan][knn.k=18.0]
2017-06-26 22:22:04,117 [SelectionPlan] - (0.021s) 	[pca.columns=2.0];[knn.distance=manhattan][knn.k=19.0]
2017-06-26 22:22:04,137 [SelectionPlan] - (0.02s) 	[pca.columns=2.0];[knn.distance=manhattan][knn.k=20.0]
2017-06-26 22:22:04,156 [SelectionPlan] - (0.018s) 	[pca.columns=2.0];[knn.distance=manhattan][knn.k=21.0]
2017-06-26 22:22:04,175 [SelectionPlan] - (0.018s) 	[pca.columns=2.0];[knn.distance=manhattan][knn.k=22.0]
2017-06-26 22:22:04,195 [SelectionPlan] - (0.019s) 	[pca.columns=2.0];[knn.distance=manhattan][knn.k=23.0]
2017-06-26 22:22:04,217 [SelectionPlan] - (0.022s) 	[pca.columns=2.0];[knn.distance=manhattan][knn.k=24.0]
2017-06-26 22:22:04,244 [SelectionPlan] - (0.026s) 	[pca.columns=2.0];[knn.distance=manhattan][knn.k=25.0]
2017-06-26 22:22:04,269 [SelectionPlan] - (0.024s) 	[pca.columns=2.0];[knn.distance=manhattan][knn.k=26.0]
2017-06-26 22:22:04,291 [SelectionPlan] - (0.022s) 	[pca.columns=2.0];[knn.distance=manhattan][knn.k=27.0]
2017-06-26 22:22:04,322 [SelectionPlan] - (0.031s) 	[pca.columns=2.0];[knn.distance=manhattan][knn.k=28.0]
2017-06-26 22:22:04,350 [SelectionPlan] - (0.027s) 	[pca.columns=2.0];[knn.distance=manhattan][knn.k=29.0]
2017-06-26 22:22:04,371 [SelectionPlan] - (0.02s) 	[pca.columns=2.0];[knn.distance=manhattan][knn.k=30.0]
2017-06-26 22:22:04,393 [SelectionPlan] - (0.021s) 	[pca.columns=2.0];[knn.distance=manhattan][knn.k=31.0]
2017-06-26 22:22:04,412 [SelectionPlan] - (0.018s) 	[pca.columns=2.0];[knn.distance=manhattan][knn.k=32.0]
2017-06-26 22:22:04,435 [SelectionPlan] - (0.022s) 	[pca.columns=2.0];[knn.distance=manhattan][knn.k=33.0]
2017-06-26 22:22:04,454 [SelectionPlan] - (0.019s) 	[pca.columns=2.0];[knn.distance=manhattan][knn.k=34.0]
2017-06-26 22:22:04,474 [SelectionPlan] - (0.019s) 	[pca.columns=2.0];[knn.distance=manhattan][knn.k=35.0]
2017-06-26 22:22:04,499 [SelectionPlan] - (0.025s) 	[pca.columns=2.0];[knn.distance=manhattan][knn.k=36.0]
2017-06-26 22:22:04,524 [SelectionPlan] - (0.024s) 	[pca.columns=2.0];[knn.distance=manhattan][knn.k=37.0]
2017-06-26 22:22:04,549 [SelectionPlan] - (0.024s) 	[pca.columns=2.0];[knn.distance=manhattan][knn.k=38.0]
2017-06-26 22:22:04,579 [SelectionPlan] - (0.029s) 	[pca.columns=2.0];[knn.distance=manhattan][knn.k=39.0]
2017-06-26 22:22:04,608 [SelectionPlan] - (0.028s) 	[pca.columns=2.0];[knn.distance=manhattan][knn.k=40.0]
2017-06-26 22:22:04,629 [SelectionPlan] - (0.021s) 	[pca.columns=2.0];[knn.distance=manhattan][knn.k=41.0]
2017-06-26 22:22:04,653 [SelectionPlan] - (0.024s) 	[pca.columns=2.0];[knn.distance=manhattan][knn.k=42.0]
2017-06-26 22:22:04,673 [SelectionPlan] - (0.019s) 	[pca.columns=2.0];[knn.distance=manhattan][knn.k=43.0]
2017-06-26 22:22:04,692 [SelectionPlan] - (0.019s) 	[pca.columns=2.0];[knn.distance=manhattan][knn.k=44.0]
2017-06-26 22:22:04,712 [SelectionPlan] - (0.018s) 	[pca.columns=2.0];[knn.distance=manhattan][knn.k=45.0]
2017-06-26 22:22:04,732 [SelectionPlan] - (0.02s) 	[pca.columns=2.0];[knn.distance=manhattan][knn.k=46.0]
2017-06-26 22:22:04,762 [SelectionPlan] - (0.029s) 	[pca.columns=2.0];[knn.distance=manhattan][knn.k=47.0]
2017-06-26 22:22:04,807 [SelectionPlan] - (0.02s) 	[pca.columns=2.0];[knn.distance=manhattan][knn.k=48.0]
2017-06-26 22:22:04,826 [SelectionPlan] - (0.019s) 	[pca.columns=2.0];[knn.distance=manhattan][knn.k=49.0]
2017-06-26 22:22:04,848 [SelectionPlan] - (0.021s) 	[pca.columns=2.0];[knn.distance=manhattan][knn.k=50.0]
2017-06-26 22:22:04,868 [SelectionPlan] - (0.02s) 	[pca.columns=2.0];[knn.distance=manhattan][knn.k=51.0]
2017-06-26 22:22:04,893 [SelectionPlan] - (0.024s) 	[pca.columns=2.0];[knn.distance=manhattan][knn.k=52.0]
2017-06-26 22:22:04,913 [SelectionPlan] - (0.019s) 	[pca.columns=2.0];[knn.distance=manhattan][knn.k=53.0]
2017-06-26 22:22:04,934 [SelectionPlan] - (0.019s) 	[pca.columns=2.0];[knn.distance=manhattan][knn.k=54.0]
2017-06-26 22:22:04,953 [SelectionPlan] - (0.019s) 	[pca.columns=2.0];[knn.distance=manhattan][knn.k=55.0]
2017-06-26 22:22:04,973 [SelectionPlan] - (0.019s) 	[pca.columns=2.0];[knn.distance=manhattan][knn.k=56.0]
2017-06-26 22:22:04,997 [SelectionPlan] - (0.023s) 	[pca.columns=2.0];[knn.distance=manhattan][knn.k=57.0]
2017-06-26 22:22:05,020 [SelectionPlan] - (0.023s) 	[pca.columns=2.0];[knn.distance=manhattan][knn.k=58.0]
2017-06-26 22:22:05,039 [SelectionPlan] - (0.018s) 	[pca.columns=2.0];[knn.distance=manhattan][knn.k=59.0]
2017-06-26 22:22:05,060 [SelectionPlan] - (0.02s) 	[pca.columns=2.0];[knn.distance=manhattan][knn.k=60.0]
2017-06-26 22:22:05,079 [SelectionPlan] - (0.019s) 	[pca.columns=2.0];[knn.distance=manhattan][knn.k=61.0]
2017-06-26 22:22:05,099 [SelectionPlan] - (0.019s) 	[pca.columns=2.0];[knn.distance=manhattan][knn.k=62.0]
2017-06-26 22:22:05,118 [SelectionPlan] - (0.019s) 	[pca.columns=2.0];[knn.distance=manhattan][knn.k=63.0]
2017-06-26 22:22:05,138 [SelectionPlan] - (0.018s) 	[pca.columns=2.0];[knn.distance=manhattan][knn.k=64.0]
2017-06-26 22:22:05,157 [SelectionPlan] - (0.019s) 	[pca.columns=2.0];[knn.distance=manhattan][knn.k=65.0]
2017-06-26 22:22:05,177 [SelectionPlan] - (0.02s) 	[pca.columns=2.0];[knn.distance=manhattan][knn.k=66.0]
2017-06-26 22:22:05,203 [SelectionPlan] - (0.025s) 	[pca.columns=2.0];[knn.distance=manhattan][knn.k=67.0]
2017-06-26 22:22:05,234 [SelectionPlan] - (0.03s) 	[pca.columns=2.0];[knn.distance=manhattan][knn.k=68.0]
2017-06-26 22:22:05,263 [SelectionPlan] - (0.028s) 	[pca.columns=2.0];[knn.distance=manhattan][knn.k=69.0]
2017-06-26 22:22:05,290 [SelectionPlan] - (0.026s) 	[pca.columns=2.0];[knn.distance=manhattan][knn.k=70.0]
2017-06-26 22:22:05,325 [SelectionPlan] - (0.034s) 	[pca.columns=2.0];[knn.distance=manhattan][knn.k=71.0]
2017-06-26 22:22:05,357 [SelectionPlan] - (0.032s) 	[pca.columns=2.0];[knn.distance=manhattan][knn.k=72.0]
2017-06-26 22:22:05,383 [SelectionPlan] - (0.025s) 	[pca.columns=2.0];[knn.distance=manhattan][knn.k=73.0]
2017-06-26 22:22:05,408 [SelectionPlan] - (0.024s) 	[pca.columns=2.0];[knn.distance=manhattan][knn.k=74.0]
2017-06-26 22:22:05,437 [SelectionPlan] - (0.028s) 	[pca.columns=2.0];[knn.distance=manhattan][knn.k=75.0]
2017-06-26 22:22:05,465 [SelectionPlan] - (0.027s) 	[pca.columns=2.0];[knn.distance=manhattan][knn.k=76.0]
2017-06-26 22:22:05,494 [SelectionPlan] - (0.029s) 	[pca.columns=2.0];[knn.distance=manhattan][knn.k=77.0]
2017-06-26 22:22:05,518 [SelectionPlan] - (0.023s) 	[pca.columns=2.0];[knn.distance=manhattan][knn.k=78.0]
2017-06-26 22:22:05,549 [SelectionPlan] - (0.03s) 	[pca.columns=2.0];[knn.distance=manhattan][knn.k=79.0]
2017-06-26 22:22:05,577 [SelectionPlan] - (0.027s) 	[pca.columns=2.0];[knn.distance=manhattan][knn.k=80.0]
2017-06-26 22:22:05,598 [SelectionPlan] - (0.02s) 	[pca.columns=2.0];[knn.distance=manhattan][knn.k=81.0]
2017-06-26 22:22:05,625 [SelectionPlan] - (0.026s) 	[pca.columns=2.0];[knn.distance=manhattan][knn.k=82.0]
2017-06-26 22:22:05,647 [SelectionPlan] - (0.022s) 	[pca.columns=2.0];[knn.distance=manhattan][knn.k=83.0]
2017-06-26 22:22:05,674 [SelectionPlan] - (0.026s) 	[pca.columns=2.0];[knn.distance=manhattan][knn.k=84.0]
2017-06-26 22:22:05,695 [SelectionPlan] - (0.02s) 	[pca.columns=2.0];[knn.distance=manhattan][knn.k=85.0]
2017-06-26 22:22:05,716 [SelectionPlan] - (0.02s) 	[pca.columns=2.0];[knn.distance=manhattan][knn.k=86.0]
2017-06-26 22:22:05,738 [SelectionPlan] - (0.02s) 	[pca.columns=2.0];[knn.distance=manhattan][knn.k=87.0]
2017-06-26 22:22:05,761 [SelectionPlan] - (0.023s) 	[pca.columns=2.0];[knn.distance=manhattan][knn.k=88.0]
2017-06-26 22:22:05,786 [SelectionPlan] - (0.024s) 	[pca.columns=2.0];[knn.distance=manhattan][knn.k=89.0]
2017-06-26 22:22:05,810 [SelectionPlan] - (0.024s) 	[pca.columns=2.0];[knn.distance=manhattan][knn.k=90.0]
2017-06-26 22:22:05,832 [SelectionPlan] - (0.021s) 	[pca.columns=2.0];[knn.distance=manhattan][knn.k=91.0]
2017-06-26 22:22:05,854 [SelectionPlan] - (0.022s) 	[pca.columns=2.0];[knn.distance=manhattan][knn.k=92.0]
2017-06-26 22:22:05,875 [SelectionPlan] - (0.021s) 	[pca.columns=2.0];[knn.distance=manhattan][knn.k=93.0]
2017-06-26 22:22:05,904 [SelectionPlan] - (0.029s) 	[pca.columns=2.0];[knn.distance=manhattan][knn.k=94.0]
2017-06-26 22:22:05,925 [SelectionPlan] - (0.02s) 	[pca.columns=2.0];[knn.distance=manhattan][knn.k=95.0]
2017-06-26 22:22:05,947 [SelectionPlan] - (0.021s) 	[pca.columns=2.0];[knn.distance=manhattan][knn.k=96.0]
2017-06-26 22:22:05,969 [SelectionPlan] - (0.021s) 	[pca.columns=2.0];[knn.distance=manhattan][knn.k=97.0]
2017-06-26 22:22:05,998 [SelectionPlan] - (0.028s) 	[pca.columns=2.0];[knn.distance=manhattan][knn.k=98.0]
2017-06-26 22:22:06,019 [SelectionPlan] - (0.02s) 	[pca.columns=2.0];[knn.distance=manhattan][knn.k=99.0]
2017-06-26 22:22:06,041 [SelectionPlan] - (0.021s) 	[pca.columns=2.0];[knn.distance=manhattan][knn.k=100.0]
2017-06-26 22:22:06,061 [SelectionPlan] - (0.019s) 	[pca.columns=2.0];[knn.distance=manhattan][knn.k=101.0]
2017-06-26 22:22:06,081 [SelectionPlan] - (0.02s) 	[pca.columns=2.0];[knn.distance=manhattan][knn.k=102.0]
2017-06-26 22:22:06,106 [SelectionPlan] - (0.025s) 	[pca.columns=2.0];[knn.distance=manhattan][knn.k=103.0]
2017-06-26 22:22:06,135 [SelectionPlan] - (0.028s) 	[pca.columns=2.0];[knn.distance=manhattan][knn.k=104.0]
2017-06-26 22:22:06,157 [SelectionPlan] - (0.022s) 	[pca.columns=2.0];[knn.distance=manhattan][knn.k=105.0]
2017-06-26 22:22:06,158 [SelectionStrategy] - Tempo: 8.963999999999983s
2017-06-26 22:22:06,158 [SelectionStrategy] - Instância: [pca.columns=1.0];[knn.distance=manhattan][knn.k=13.0]
2017-06-26 22:22:06,160 [SelectionStrategy] - Resultado: [ID|petal_length]:[ID=2|1.49][ID=3|1.45][ID=6|1.49][ID=10|1.49][ID=15|1.48][ID=17|1.49][ID=18|1.51][ID=21|1.52][ID=22|1.48][ID=24|1.51][ID=26|1.45][ID=27|1.50][ID=28|1.50][ID=31|1.48][ID=32|1.52][ID=34|1.48][ID=35|1.49][ID=36|1.48][ID=37|1.48][ID=45|1.49][ID=48|1.44][ID=54|3.98][ID=56|4.18][ID=60|4.07][ID=62|4.59][ID=66|4.75][ID=70|3.88][ID=80|3.98][ID=81|3.81][ID=87|4.87][ID=95|4.16][ID=96|4.26][ID=103|5.62][ID=106|5.96][ID=115|5.28][ID=121|5.56][ID=123|5.91][ID=126|5.47][ID=128|4.98][ID=135|4.55][ID=139|4.98][ID=140|5.41][ID=143|4.89][ID=146|5.50][ID=149|5.41]
2017-06-26 22:22:06,259 [SelectionPlan] - ## PLANO DE SELEÇÃO E REGRESSÃO ##
2017-06-26 22:22:06,259 [SelectionPlan] - >> Etapa de Seleção: PcaStage
2017-06-26 22:22:06,260 [SelectionPlan] - >> Etapa de Regressão: BkPropStage
2017-06-26 22:26:19,664 [Appraisal] - Inicializando...
2017-06-26 22:26:21,753 [Appraisal] - Base Original: iris_plants
2017-06-26 22:26:21,754 [Appraisal] - Base de Regressão: iris_plants_mcar_pl
2017-06-26 22:26:21,754 [Appraisal] - Coluna de Regressão: petal_length
2017-06-26 22:26:21,972 [RegressionStrategy] - ### ESTRATÉGIA DE REGRESSÃO SIMPLES ###
2017-06-26 22:26:21,972 [RegressionStrategy] - Montando diferentes planos de execução
2017-06-26 22:26:22,003 [RegressionPlan] - ## PLANO DE REGRESSÃO SIMPLES ##
2017-06-26 22:26:22,005 [RegressionPlan] - >> Etapa de Regressão: AvgStage
2017-06-26 22:26:22,024 [RegressionPlan] - (0.008s) 	[avg.disturb=true][avg.type=arithmetic]
2017-06-26 22:26:22,028 [RegressionPlan] - (0.001s) 	[avg.disturb=false][avg.type=arithmetic]
2017-06-26 22:26:22,031 [RegressionStrategy] - Tempo: 0.009000000000000001s
2017-06-26 22:26:22,032 [RegressionStrategy] - Instância: [avg.disturb=false][avg.type=arithmetic]
2017-06-26 22:26:22,042 [RegressionStrategy] - Resultado: [ID|petal_length]:[ID=2|3.95][ID=3|3.95][ID=6|3.95][ID=10|3.95][ID=15|3.95][ID=17|3.95][ID=18|3.95][ID=21|3.95][ID=22|3.95][ID=24|3.95][ID=26|3.95][ID=27|3.95][ID=28|3.95][ID=31|3.95][ID=32|3.95][ID=34|3.95][ID=35|3.95][ID=36|3.95][ID=37|3.95][ID=45|3.95][ID=48|3.95][ID=54|3.95][ID=56|3.95][ID=60|3.95][ID=62|3.95][ID=66|3.95][ID=70|3.95][ID=80|3.95][ID=81|3.95][ID=87|3.95][ID=95|3.95][ID=96|3.95][ID=103|3.95][ID=106|3.95][ID=115|3.95][ID=121|3.95][ID=123|3.95][ID=126|3.95][ID=128|3.95][ID=135|3.95][ID=139|3.95][ID=140|3.95][ID=143|3.95][ID=146|3.95][ID=149|3.95]
2017-06-26 22:26:22,143 [RegressionPlan] - ## PLANO DE REGRESSÃO SIMPLES ##
2017-06-26 22:26:22,145 [RegressionPlan] - >> Etapa de Regressão: KnnStage
2017-06-26 22:26:22,282 [RegressionPlan] - (0.129s) 	[knn.distance=euclidian][knn.k=1.0]
2017-06-26 22:26:22,309 [RegressionPlan] - (0.027s) 	[knn.distance=euclidian][knn.k=2.0]
2017-06-26 22:26:22,345 [RegressionPlan] - (0.034s) 	[knn.distance=euclidian][knn.k=3.0]
2017-06-26 22:26:22,378 [RegressionPlan] - (0.03s) 	[knn.distance=euclidian][knn.k=4.0]
2017-06-26 22:26:22,405 [RegressionPlan] - (0.024s) 	[knn.distance=euclidian][knn.k=5.0]
2017-06-26 22:26:22,436 [RegressionPlan] - (0.028s) 	[knn.distance=euclidian][knn.k=6.0]
2017-06-26 22:26:22,479 [RegressionPlan] - (0.04s) 	[knn.distance=euclidian][knn.k=7.0]
2017-06-26 22:26:22,525 [RegressionPlan] - (0.042s) 	[knn.distance=euclidian][knn.k=8.0]
2017-06-26 22:26:22,570 [RegressionPlan] - (0.042s) 	[knn.distance=euclidian][knn.k=9.0]
2017-06-26 22:26:22,610 [RegressionPlan] - (0.037s) 	[knn.distance=euclidian][knn.k=10.0]
2017-06-26 22:26:22,636 [RegressionPlan] - (0.024s) 	[knn.distance=euclidian][knn.k=11.0]
2017-06-26 22:26:22,673 [RegressionPlan] - (0.034s) 	[knn.distance=euclidian][knn.k=12.0]
2017-06-26 22:26:22,696 [RegressionPlan] - (0.021s) 	[knn.distance=euclidian][knn.k=13.0]
2017-06-26 22:26:22,721 [RegressionPlan] - (0.023s) 	[knn.distance=euclidian][knn.k=14.0]
2017-06-26 22:26:22,761 [RegressionPlan] - (0.037s) 	[knn.distance=euclidian][knn.k=15.0]
2017-06-26 22:26:22,793 [RegressionPlan] - (0.028s) 	[knn.distance=euclidian][knn.k=16.0]
2017-06-26 22:26:22,830 [RegressionPlan] - (0.033s) 	[knn.distance=euclidian][knn.k=17.0]
2017-06-26 22:26:22,862 [RegressionPlan] - (0.029s) 	[knn.distance=euclidian][knn.k=18.0]
2017-06-26 22:26:22,892 [RegressionPlan] - (0.027s) 	[knn.distance=euclidian][knn.k=19.0]
2017-06-26 22:26:22,929 [RegressionPlan] - (0.035s) 	[knn.distance=euclidian][knn.k=20.0]
2017-06-26 22:26:22,971 [RegressionPlan] - (0.037s) 	[knn.distance=euclidian][knn.k=21.0]
2017-06-26 22:26:22,996 [RegressionPlan] - (0.022s) 	[knn.distance=euclidian][knn.k=22.0]
2017-06-26 22:26:23,020 [RegressionPlan] - (0.021s) 	[knn.distance=euclidian][knn.k=23.0]
2017-06-26 22:26:23,038 [RegressionPlan] - (0.016s) 	[knn.distance=euclidian][knn.k=24.0]
2017-06-26 22:26:23,059 [RegressionPlan] - (0.019s) 	[knn.distance=euclidian][knn.k=25.0]
2017-06-26 22:26:23,077 [RegressionPlan] - (0.016s) 	[knn.distance=euclidian][knn.k=26.0]
2017-06-26 22:26:23,095 [RegressionPlan] - (0.016s) 	[knn.distance=euclidian][knn.k=27.0]
2017-06-26 22:26:23,117 [RegressionPlan] - (0.019s) 	[knn.distance=euclidian][knn.k=28.0]
2017-06-26 22:26:23,136 [RegressionPlan] - (0.016s) 	[knn.distance=euclidian][knn.k=29.0]
2017-06-26 22:26:23,154 [RegressionPlan] - (0.015s) 	[knn.distance=euclidian][knn.k=30.0]
2017-06-26 22:26:23,175 [RegressionPlan] - (0.019s) 	[knn.distance=euclidian][knn.k=31.0]
2017-06-26 22:26:23,193 [RegressionPlan] - (0.016s) 	[knn.distance=euclidian][knn.k=32.0]
2017-06-26 22:26:23,211 [RegressionPlan] - (0.016s) 	[knn.distance=euclidian][knn.k=33.0]
2017-06-26 22:26:23,230 [RegressionPlan] - (0.017s) 	[knn.distance=euclidian][knn.k=34.0]
2017-06-26 22:26:23,248 [RegressionPlan] - (0.016s) 	[knn.distance=euclidian][knn.k=35.0]
2017-06-26 22:26:23,266 [RegressionPlan] - (0.016s) 	[knn.distance=euclidian][knn.k=36.0]
2017-06-26 22:26:23,286 [RegressionPlan] - (0.018s) 	[knn.distance=euclidian][knn.k=37.0]
2017-06-26 22:26:23,304 [RegressionPlan] - (0.016s) 	[knn.distance=euclidian][knn.k=38.0]
2017-06-26 22:26:23,322 [RegressionPlan] - (0.016s) 	[knn.distance=euclidian][knn.k=39.0]
2017-06-26 22:26:23,340 [RegressionPlan] - (0.016s) 	[knn.distance=euclidian][knn.k=40.0]
2017-06-26 22:26:23,361 [RegressionPlan] - (0.019s) 	[knn.distance=euclidian][knn.k=41.0]
2017-06-26 22:26:23,382 [RegressionPlan] - (0.019s) 	[knn.distance=euclidian][knn.k=42.0]
2017-06-26 22:26:23,404 [RegressionPlan] - (0.02s) 	[knn.distance=euclidian][knn.k=43.0]
2017-06-26 22:26:23,425 [RegressionPlan] - (0.019s) 	[knn.distance=euclidian][knn.k=44.0]
2017-06-26 22:26:23,443 [RegressionPlan] - (0.016s) 	[knn.distance=euclidian][knn.k=45.0]
2017-06-26 22:26:23,462 [RegressionPlan] - (0.017s) 	[knn.distance=euclidian][knn.k=46.0]
2017-06-26 22:26:23,484 [RegressionPlan] - (0.016s) 	[knn.distance=euclidian][knn.k=47.0]
2017-06-26 22:26:23,503 [RegressionPlan] - (0.017s) 	[knn.distance=euclidian][knn.k=48.0]
2017-06-26 22:26:23,523 [RegressionPlan] - (0.018s) 	[knn.distance=euclidian][knn.k=49.0]
2017-06-26 22:26:23,541 [RegressionPlan] - (0.016s) 	[knn.distance=euclidian][knn.k=50.0]
2017-06-26 22:26:23,559 [RegressionPlan] - (0.016s) 	[knn.distance=euclidian][knn.k=51.0]
2017-06-26 22:26:23,581 [RegressionPlan] - (0.02s) 	[knn.distance=euclidian][knn.k=52.0]
2017-06-26 22:26:23,603 [RegressionPlan] - (0.02s) 	[knn.distance=euclidian][knn.k=53.0]
2017-06-26 22:26:23,632 [RegressionPlan] - (0.027s) 	[knn.distance=euclidian][knn.k=54.0]
2017-06-26 22:26:23,655 [RegressionPlan] - (0.021s) 	[knn.distance=euclidian][knn.k=55.0]
2017-06-26 22:26:23,676 [RegressionPlan] - (0.02s) 	[knn.distance=euclidian][knn.k=56.0]
2017-06-26 22:26:23,703 [RegressionPlan] - (0.026s) 	[knn.distance=euclidian][knn.k=57.0]
2017-06-26 22:26:23,724 [RegressionPlan] - (0.02s) 	[knn.distance=euclidian][knn.k=58.0]
2017-06-26 22:26:23,751 [RegressionPlan] - (0.026s) 	[knn.distance=euclidian][knn.k=59.0]
2017-06-26 22:26:23,818 [RegressionPlan] - (0.028s) 	[knn.distance=euclidian][knn.k=60.0]
2017-06-26 22:26:23,847 [RegressionPlan] - (0.028s) 	[knn.distance=euclidian][knn.k=61.0]
2017-06-26 22:26:23,880 [RegressionPlan] - (0.032s) 	[knn.distance=euclidian][knn.k=62.0]
2017-06-26 22:26:23,901 [RegressionPlan] - (0.02s) 	[knn.distance=euclidian][knn.k=63.0]
2017-06-26 22:26:23,919 [RegressionPlan] - (0.017s) 	[knn.distance=euclidian][knn.k=64.0]
2017-06-26 22:26:23,937 [RegressionPlan] - (0.017s) 	[knn.distance=euclidian][knn.k=65.0]
2017-06-26 22:26:23,955 [RegressionPlan] - (0.016s) 	[knn.distance=euclidian][knn.k=66.0]
2017-06-26 22:26:23,973 [RegressionPlan] - (0.017s) 	[knn.distance=euclidian][knn.k=67.0]
2017-06-26 22:26:23,991 [RegressionPlan] - (0.017s) 	[knn.distance=euclidian][knn.k=68.0]
2017-06-26 22:26:24,010 [RegressionPlan] - (0.018s) 	[knn.distance=euclidian][knn.k=69.0]
2017-06-26 22:26:24,028 [RegressionPlan] - (0.017s) 	[knn.distance=euclidian][knn.k=70.0]
2017-06-26 22:26:24,045 [RegressionPlan] - (0.016s) 	[knn.distance=euclidian][knn.k=71.0]
2017-06-26 22:26:24,066 [RegressionPlan] - (0.02s) 	[knn.distance=euclidian][knn.k=72.0]
2017-06-26 22:26:24,084 [RegressionPlan] - (0.017s) 	[knn.distance=euclidian][knn.k=73.0]
2017-06-26 22:26:24,102 [RegressionPlan] - (0.016s) 	[knn.distance=euclidian][knn.k=74.0]
2017-06-26 22:26:24,119 [RegressionPlan] - (0.016s) 	[knn.distance=euclidian][knn.k=75.0]
2017-06-26 22:26:24,137 [RegressionPlan] - (0.017s) 	[knn.distance=euclidian][knn.k=76.0]
2017-06-26 22:26:24,154 [RegressionPlan] - (0.016s) 	[knn.distance=euclidian][knn.k=77.0]
2017-06-26 22:26:24,171 [RegressionPlan] - (0.016s) 	[knn.distance=euclidian][knn.k=78.0]
2017-06-26 22:26:24,189 [RegressionPlan] - (0.017s) 	[knn.distance=euclidian][knn.k=79.0]
2017-06-26 22:26:24,206 [RegressionPlan] - (0.016s) 	[knn.distance=euclidian][knn.k=80.0]
2017-06-26 22:26:24,226 [RegressionPlan] - (0.019s) 	[knn.distance=euclidian][knn.k=81.0]
2017-06-26 22:26:24,244 [RegressionPlan] - (0.017s) 	[knn.distance=euclidian][knn.k=82.0]
2017-06-26 22:26:24,263 [RegressionPlan] - (0.018s) 	[knn.distance=euclidian][knn.k=83.0]
2017-06-26 22:26:24,283 [RegressionPlan] - (0.019s) 	[knn.distance=euclidian][knn.k=84.0]
2017-06-26 22:26:24,301 [RegressionPlan] - (0.017s) 	[knn.distance=euclidian][knn.k=85.0]
2017-06-26 22:26:24,319 [RegressionPlan] - (0.017s) 	[knn.distance=euclidian][knn.k=86.0]
2017-06-26 22:26:24,337 [RegressionPlan] - (0.017s) 	[knn.distance=euclidian][knn.k=87.0]
2017-06-26 22:26:24,355 [RegressionPlan] - (0.016s) 	[knn.distance=euclidian][knn.k=88.0]
2017-06-26 22:26:24,376 [RegressionPlan] - (0.021s) 	[knn.distance=euclidian][knn.k=89.0]
2017-06-26 22:26:24,396 [RegressionPlan] - (0.019s) 	[knn.distance=euclidian][knn.k=90.0]
2017-06-26 22:26:24,417 [RegressionPlan] - (0.02s) 	[knn.distance=euclidian][knn.k=91.0]
2017-06-26 22:26:24,435 [RegressionPlan] - (0.017s) 	[knn.distance=euclidian][knn.k=92.0]
2017-06-26 22:26:24,453 [RegressionPlan] - (0.017s) 	[knn.distance=euclidian][knn.k=93.0]
2017-06-26 22:26:24,472 [RegressionPlan] - (0.017s) 	[knn.distance=euclidian][knn.k=94.0]
2017-06-26 22:26:24,490 [RegressionPlan] - (0.018s) 	[knn.distance=euclidian][knn.k=95.0]
2017-06-26 22:26:24,511 [RegressionPlan] - (0.02s) 	[knn.distance=euclidian][knn.k=96.0]
2017-06-26 22:26:24,533 [RegressionPlan] - (0.021s) 	[knn.distance=euclidian][knn.k=97.0]
2017-06-26 22:26:24,553 [RegressionPlan] - (0.018s) 	[knn.distance=euclidian][knn.k=98.0]
2017-06-26 22:26:24,581 [RegressionPlan] - (0.027s) 	[knn.distance=euclidian][knn.k=99.0]
2017-06-26 22:26:24,605 [RegressionPlan] - (0.022s) 	[knn.distance=euclidian][knn.k=100.0]
2017-06-26 22:26:24,625 [RegressionPlan] - (0.019s) 	[knn.distance=euclidian][knn.k=101.0]
2017-06-26 22:26:24,644 [RegressionPlan] - (0.018s) 	[knn.distance=euclidian][knn.k=102.0]
2017-06-26 22:26:24,666 [RegressionPlan] - (0.021s) 	[knn.distance=euclidian][knn.k=103.0]
2017-06-26 22:26:24,689 [RegressionPlan] - (0.022s) 	[knn.distance=euclidian][knn.k=104.0]
2017-06-26 22:26:24,727 [RegressionPlan] - (0.037s) 	[knn.distance=euclidian][knn.k=105.0]
2017-06-26 22:26:24,768 [RegressionPlan] - (0.038s) 	[knn.distance=manhattan][knn.k=1.0]
2017-06-26 22:26:24,805 [RegressionPlan] - (0.036s) 	[knn.distance=manhattan][knn.k=2.0]
2017-06-26 22:26:24,869 [RegressionPlan] - (0.059s) 	[knn.distance=manhattan][knn.k=3.0]
2017-06-26 22:26:24,910 [RegressionPlan] - (0.039s) 	[knn.distance=manhattan][knn.k=4.0]
2017-06-26 22:26:24,935 [RegressionPlan] - (0.024s) 	[knn.distance=manhattan][knn.k=5.0]
2017-06-26 22:26:24,956 [RegressionPlan] - (0.02s) 	[knn.distance=manhattan][knn.k=6.0]
2017-06-26 22:26:24,982 [RegressionPlan] - (0.025s) 	[knn.distance=manhattan][knn.k=7.0]
2017-06-26 22:26:25,012 [RegressionPlan] - (0.029s) 	[knn.distance=manhattan][knn.k=8.0]
2017-06-26 22:26:25,037 [RegressionPlan] - (0.022s) 	[knn.distance=manhattan][knn.k=9.0]
2017-06-26 22:26:25,060 [RegressionPlan] - (0.023s) 	[knn.distance=manhattan][knn.k=10.0]
2017-06-26 22:26:25,082 [RegressionPlan] - (0.021s) 	[knn.distance=manhattan][knn.k=11.0]
2017-06-26 22:26:25,127 [RegressionPlan] - (0.043s) 	[knn.distance=manhattan][knn.k=12.0]
2017-06-26 22:26:25,184 [RegressionPlan] - (0.039s) 	[knn.distance=manhattan][knn.k=13.0]
2017-06-26 22:26:25,215 [RegressionPlan] - (0.029s) 	[knn.distance=manhattan][knn.k=14.0]
